2019-03-19 01:54:18,845 [Worker-3: Loading available Gradle versions] INFO  o.e.b.c.i.u.g.PublishedGradleVersions - Gradle version information cache is out-of-date. Trying to update.
2019-03-19 02:12:46,536 [Worker-2: Loading available Gradle versions] INFO  o.e.b.c.i.u.g.PublishedGradleVersions - Gradle version information cache is up-to-date. Trying to read.
2019-03-19 16:50:25,810 [Worker-3: Loading available Gradle versions] INFO  o.e.b.c.i.u.g.PublishedGradleVersions - Gradle version information cache is up-to-date. Trying to read.
2019-03-20 02:03:34,271 [Worker-82: reload maven project] INFO  o.e.m.c.i.e.AbstractTransferListenerAdapter - Downloading http://maven.wso2.org/nexus/content/groups/wso2-public/org/wso2/maven/maven-car-plugin/2.1.1/maven-car-plugin-2.1.1.pom
2019-03-20 02:03:35,065 [Worker-82: reload maven project] INFO  o.e.m.c.i.e.AbstractTransferListenerAdapter - Downloaded http://maven.wso2.org/nexus/content/groups/wso2-public/org/wso2/maven/maven-car-plugin/2.1.1/maven-car-plugin-2.1.1.pom
2019-03-20 02:03:35,526 [Worker-82: reload maven project] INFO  o.e.m.c.i.e.AbstractTransferListenerAdapter - Downloading http://maven.wso2.org/nexus/content/groups/wso2-public/org/wso2/maven/maven-tools/5.0.1/maven-tools-5.0.1.pom
2019-03-20 02:03:36,225 [Worker-82: reload maven project] INFO  o.e.m.c.i.e.AbstractTransferListenerAdapter - Downloaded http://maven.wso2.org/nexus/content/groups/wso2-public/org/wso2/maven/maven-tools/5.0.1/maven-tools-5.0.1.pom
2019-03-20 02:03:36,756 [Worker-82: reload maven project] INFO  o.e.m.c.i.e.AbstractTransferListenerAdapter - Downloading http://maven.wso2.org/nexus/content/groups/wso2-public/org/wso2/wso2/1/wso2-1.pom
2019-03-20 02:03:36,977 [Worker-82: reload maven project] INFO  o.e.m.c.i.e.AbstractTransferListenerAdapter - Downloaded http://maven.wso2.org/nexus/content/groups/wso2-public/org/wso2/wso2/1/wso2-1.pom
2019-03-20 02:03:37,473 [Worker-82: reload maven project] INFO  o.e.m.c.i.e.AbstractTransferListenerAdapter - Downloading http://maven.wso2.org/nexus/content/groups/wso2-public/biz/aQute/bndlib/0.0.357/bndlib-0.0.357.pom
2019-03-20 02:03:37,775 [Worker-82: reload maven project] INFO  o.e.m.c.i.e.AbstractTransferListenerAdapter - Downloaded http://maven.wso2.org/nexus/content/groups/wso2-public/biz/aQute/bndlib/0.0.357/bndlib-0.0.357.pom
2019-03-20 02:03:38,041 [Worker-82: reload maven project] INFO  o.e.m.c.i.e.AbstractTransferListenerAdapter - Downloading http://maven.wso2.org/nexus/content/groups/wso2-public/net/sf/kxml/kxml2/2.2.2/kxml2-2.2.2.pom
2019-03-20 02:03:38,383 [Worker-82: reload maven project] INFO  o.e.m.c.i.e.AbstractTransferListenerAdapter - Downloaded http://maven.wso2.org/nexus/content/groups/wso2-public/net/sf/kxml/kxml2/2.2.2/kxml2-2.2.2.pom
2019-03-20 02:03:38,624 [Worker-82: reload maven project] INFO  o.e.m.c.i.e.AbstractTransferListenerAdapter - Downloading http://maven.wso2.org/nexus/content/groups/wso2-public/xmlpull/xmlpull/1.1.3.1/xmlpull-1.1.3.1.pom
2019-03-20 02:03:39,165 [Worker-82: reload maven project] INFO  o.e.m.c.i.e.AbstractTransferListenerAdapter - Downloaded http://maven.wso2.org/nexus/content/groups/wso2-public/xmlpull/xmlpull/1.1.3.1/xmlpull-1.1.3.1.pom
2019-03-20 02:03:39,723 [Worker-82: reload maven project] INFO  o.e.m.c.i.e.AbstractTransferListenerAdapter - Downloading http://maven.wso2.org/nexus/content/groups/wso2-public/org/apache/felix/org.apache.felix.bundlerepository/1.6.2/org.apache.felix.bundlerepository-1.6.2.pom
2019-03-20 02:03:39,943 [Worker-82: reload maven project] INFO  o.e.m.c.i.e.AbstractTransferListenerAdapter - Downloaded http://maven.wso2.org/nexus/content/groups/wso2-public/org/apache/felix/org.apache.felix.bundlerepository/1.6.2/org.apache.felix.bundlerepository-1.6.2.pom
2019-03-20 02:03:40,337 [Worker-82: reload maven project] INFO  o.e.m.c.i.e.AbstractTransferListenerAdapter - Downloading http://maven.wso2.org/nexus/content/groups/wso2-public/org/apache/felix/felix-parent/1.2.1/felix-parent-1.2.1.pom
2019-03-20 02:03:40,564 [Worker-82: reload maven project] INFO  o.e.m.c.i.e.AbstractTransferListenerAdapter - Downloaded http://maven.wso2.org/nexus/content/groups/wso2-public/org/apache/felix/felix-parent/1.2.1/felix-parent-1.2.1.pom
2019-03-20 02:03:40,864 [Worker-82: reload maven project] INFO  o.e.m.c.i.e.AbstractTransferListenerAdapter - Downloading http://maven.wso2.org/nexus/content/groups/wso2-public/org/osgi/org.osgi.core/4.1.0/org.osgi.core-4.1.0.pom
2019-03-20 02:03:41,083 [Worker-82: reload maven project] INFO  o.e.m.c.i.e.AbstractTransferListenerAdapter - Downloaded http://maven.wso2.org/nexus/content/groups/wso2-public/org/osgi/org.osgi.core/4.1.0/org.osgi.core-4.1.0.pom
2019-03-20 02:03:41,469 [Worker-82: reload maven project] INFO  o.e.m.c.i.e.AbstractTransferListenerAdapter - Downloading http://maven.wso2.org/nexus/content/groups/wso2-public/org/easymock/easymock/2.4/easymock-2.4.pom
2019-03-20 02:03:41,795 [Worker-82: reload maven project] INFO  o.e.m.c.i.e.AbstractTransferListenerAdapter - Downloaded http://maven.wso2.org/nexus/content/groups/wso2-public/org/easymock/easymock/2.4/easymock-2.4.pom
2019-03-20 02:03:42,085 [Worker-82: reload maven project] INFO  o.e.m.c.i.e.AbstractTransferListenerAdapter - Downloading http://maven.wso2.org/nexus/content/groups/wso2-public/org/apache/felix/org.osgi.core/1.0.0/org.osgi.core-1.0.0.pom
2019-03-20 02:03:42,718 [Worker-82: reload maven project] INFO  o.e.m.c.i.e.AbstractTransferListenerAdapter - Downloaded http://maven.wso2.org/nexus/content/groups/wso2-public/org/apache/felix/org.osgi.core/1.0.0/org.osgi.core-1.0.0.pom
2019-03-20 02:03:42,947 [Worker-82: reload maven project] INFO  o.e.m.c.i.e.AbstractTransferListenerAdapter - Downloading http://maven.wso2.org/nexus/content/groups/wso2-public/org/apache/felix/felix/1.0.0/felix-1.0.0.pom
2019-03-20 02:03:43,397 [Worker-82: reload maven project] INFO  o.e.m.c.i.e.AbstractTransferListenerAdapter - Downloaded http://maven.wso2.org/nexus/content/groups/wso2-public/org/apache/felix/felix/1.0.0/felix-1.0.0.pom
2019-03-20 02:03:43,820 [Worker-82: reload maven project] INFO  o.e.m.c.i.e.AbstractTransferListenerAdapter - Downloading http://maven.wso2.org/nexus/content/groups/wso2-public/org/apache/felix/org.osgi.service.obr/1.0.1/org.osgi.service.obr-1.0.1.pom
2019-03-20 02:03:44,362 [Worker-82: reload maven project] INFO  o.e.m.c.i.e.AbstractTransferListenerAdapter - Downloaded http://maven.wso2.org/nexus/content/groups/wso2-public/org/apache/felix/org.osgi.service.obr/1.0.1/org.osgi.service.obr-1.0.1.pom
2019-03-20 02:03:44,602 [Worker-82: reload maven project] INFO  o.e.m.c.i.e.AbstractTransferListenerAdapter - Downloading http://maven.wso2.org/nexus/content/groups/wso2-public/org/apache/felix/felix/1.0.2/felix-1.0.2.pom
2019-03-20 02:03:45,108 [Worker-82: reload maven project] INFO  o.e.m.c.i.e.AbstractTransferListenerAdapter - Downloaded http://maven.wso2.org/nexus/content/groups/wso2-public/org/apache/felix/felix/1.0.2/felix-1.0.2.pom
2019-03-20 02:03:45,766 [Worker-82: reload maven project] INFO  o.e.m.c.i.e.AbstractTransferListenerAdapter - Downloading http://maven.wso2.org/nexus/content/groups/wso2-public/org/apache/maven/maven-settings/2.0.7/maven-settings-2.0.7.pom
2019-03-20 02:03:46,348 [Worker-82: reload maven project] INFO  o.e.m.c.i.e.AbstractTransferListenerAdapter - Downloaded http://maven.wso2.org/nexus/content/groups/wso2-public/org/apache/maven/maven-settings/2.0.7/maven-settings-2.0.7.pom
2019-03-20 02:03:46,583 [Worker-82: reload maven project] INFO  o.e.m.c.i.e.AbstractTransferListenerAdapter - Downloading http://maven.wso2.org/nexus/content/groups/wso2-public/org/apache/maven/maven/2.0.7/maven-2.0.7.pom
2019-03-20 02:03:47,583 [Worker-82: reload maven project] INFO  o.e.m.c.i.e.AbstractTransferListenerAdapter - Downloaded http://maven.wso2.org/nexus/content/groups/wso2-public/org/apache/maven/maven/2.0.7/maven-2.0.7.pom
2019-03-20 02:03:47,828 [Worker-82: reload maven project] INFO  o.e.m.c.i.e.AbstractTransferListenerAdapter - Downloading http://maven.wso2.org/nexus/content/groups/wso2-public/org/apache/maven/maven-parent/5/maven-parent-5.pom
2019-03-20 02:03:48,727 [Worker-82: reload maven project] INFO  o.e.m.c.i.e.AbstractTransferListenerAdapter - Downloaded http://maven.wso2.org/nexus/content/groups/wso2-public/org/apache/maven/maven-parent/5/maven-parent-5.pom
2019-03-20 02:03:48,967 [Worker-82: reload maven project] INFO  o.e.m.c.i.e.AbstractTransferListenerAdapter - Downloading http://maven.wso2.org/nexus/content/groups/wso2-public/org/apache/apache/3/apache-3.pom
2019-03-20 02:03:50,024 [Worker-82: reload maven project] INFO  o.e.m.c.i.e.AbstractTransferListenerAdapter - Downloaded http://maven.wso2.org/nexus/content/groups/wso2-public/org/apache/apache/3/apache-3.pom
2019-03-20 02:03:50,322 [Worker-82: reload maven project] INFO  o.e.m.c.i.e.AbstractTransferListenerAdapter - Downloading http://maven.wso2.org/nexus/content/groups/wso2-public/org/apache/maven/maven-model/3.0.2/maven-model-3.0.2.pom
2019-03-20 02:03:50,915 [Worker-82: reload maven project] INFO  o.e.m.c.i.e.AbstractTransferListenerAdapter - Downloaded http://maven.wso2.org/nexus/content/groups/wso2-public/org/apache/maven/maven-model/3.0.2/maven-model-3.0.2.pom
2019-03-20 02:03:51,296 [Worker-82: reload maven project] INFO  o.e.m.c.i.e.AbstractTransferListenerAdapter - Downloading http://maven.wso2.org/nexus/content/groups/wso2-public/org/apache/maven/maven/3.0.2/maven-3.0.2.pom
2019-03-20 02:03:51,859 [Worker-82: reload maven project] INFO  o.e.m.c.i.e.AbstractTransferListenerAdapter - Downloaded http://maven.wso2.org/nexus/content/groups/wso2-public/org/apache/maven/maven/3.0.2/maven-3.0.2.pom
2019-03-20 02:03:52,327 [Worker-82: reload maven project] INFO  o.e.m.c.i.e.AbstractTransferListenerAdapter - Downloading http://maven.wso2.org/nexus/content/groups/wso2-public/org/codehaus/plexus/plexus-utils/2.0.1/plexus-utils-2.0.1.pom
2019-03-20 02:03:52,807 [Worker-82: reload maven project] INFO  o.e.m.c.i.e.AbstractTransferListenerAdapter - Downloaded http://maven.wso2.org/nexus/content/groups/wso2-public/org/codehaus/plexus/plexus-utils/2.0.1/plexus-utils-2.0.1.pom
2019-03-20 02:03:53,343 [Worker-82: reload maven project] INFO  o.e.m.c.i.e.AbstractTransferListenerAdapter - Downloading http://maven.wso2.org/nexus/content/groups/wso2-public/org/codehaus/plexus/plexus-container-default/1.5.4/plexus-container-default-1.5.4.pom
2019-03-20 02:03:53,795 [Worker-82: reload maven project] INFO  o.e.m.c.i.e.AbstractTransferListenerAdapter - Downloaded http://maven.wso2.org/nexus/content/groups/wso2-public/org/codehaus/plexus/plexus-container-default/1.5.4/plexus-container-default-1.5.4.pom
2019-03-20 02:03:54,376 [Worker-82: reload maven project] INFO  o.e.m.c.i.e.AbstractTransferListenerAdapter - Downloading http://maven.wso2.org/nexus/content/groups/wso2-public/log4j/log4j/1.2.14/log4j-1.2.14.pom
2019-03-20 02:03:55,152 [Worker-82: reload maven project] INFO  o.e.m.c.i.e.AbstractTransferListenerAdapter - Downloaded http://maven.wso2.org/nexus/content/groups/wso2-public/log4j/log4j/1.2.14/log4j-1.2.14.pom
2019-03-20 02:03:56,720 [Worker-82: reload maven project] INFO  o.e.m.c.i.e.AbstractTransferListenerAdapter - Downloading http://maven.wso2.org/nexus/content/groups/wso2-public/org/apache/maven/maven-artifact-manager/2.0.7/maven-artifact-manager-2.0.7.pom
2019-03-20 02:03:56,945 [Worker-82: reload maven project] INFO  o.e.m.c.i.e.AbstractTransferListenerAdapter - Downloaded http://maven.wso2.org/nexus/content/groups/wso2-public/org/apache/maven/maven-artifact-manager/2.0.7/maven-artifact-manager-2.0.7.pom
2019-03-20 02:03:57,336 [Worker-82: reload maven project] INFO  o.e.m.c.i.e.AbstractTransferListenerAdapter - Downloading http://maven.wso2.org/nexus/content/groups/wso2-public/org/apache/maven/maven-repository-metadata/2.0.7/maven-repository-metadata-2.0.7.pom
2019-03-20 02:03:57,580 [Worker-82: reload maven project] INFO  o.e.m.c.i.e.AbstractTransferListenerAdapter - Downloaded http://maven.wso2.org/nexus/content/groups/wso2-public/org/apache/maven/maven-repository-metadata/2.0.7/maven-repository-metadata-2.0.7.pom
2019-03-20 02:03:57,862 [Worker-82: reload maven project] INFO  o.e.m.c.i.e.AbstractTransferListenerAdapter - Downloading http://maven.wso2.org/nexus/content/groups/wso2-public/org/apache/maven/maven-artifact/2.0.7/maven-artifact-2.0.7.pom
2019-03-20 02:03:58,085 [Worker-82: reload maven project] INFO  o.e.m.c.i.e.AbstractTransferListenerAdapter - Downloaded http://maven.wso2.org/nexus/content/groups/wso2-public/org/apache/maven/maven-artifact/2.0.7/maven-artifact-2.0.7.pom
2019-03-20 02:03:59,382 [Worker-82: reload maven project] INFO  o.e.m.c.i.e.AbstractTransferListenerAdapter - Downloading http://maven.wso2.org/nexus/content/groups/wso2-public/org/apache/maven/maven-archiver/2.2/maven-archiver-2.2.pom
2019-03-20 02:03:59,655 [Worker-82: reload maven project] INFO  o.e.m.c.i.e.AbstractTransferListenerAdapter - Downloaded http://maven.wso2.org/nexus/content/groups/wso2-public/org/apache/maven/maven-archiver/2.2/maven-archiver-2.2.pom
2019-03-20 02:04:00,017 [Worker-82: reload maven project] INFO  o.e.m.c.i.e.AbstractTransferListenerAdapter - Downloading http://maven.wso2.org/nexus/content/groups/wso2-public/org/apache/maven/shared/maven-shared-components/3/maven-shared-components-3.pom
2019-03-20 02:04:00,419 [Worker-82: reload maven project] INFO  o.e.m.c.i.e.AbstractTransferListenerAdapter - Downloaded http://maven.wso2.org/nexus/content/groups/wso2-public/org/apache/maven/shared/maven-shared-components/3/maven-shared-components-3.pom
2019-03-20 02:04:00,824 [Worker-82: reload maven project] INFO  o.e.m.c.i.e.AbstractTransferListenerAdapter - Downloading http://maven.wso2.org/nexus/content/groups/wso2-public/org/apache/maven/maven-parent/4/maven-parent-4.pom
2019-03-20 02:04:01,047 [Worker-82: reload maven project] INFO  o.e.m.c.i.e.AbstractTransferListenerAdapter - Downloaded http://maven.wso2.org/nexus/content/groups/wso2-public/org/apache/maven/maven-parent/4/maven-parent-4.pom
2019-03-20 02:04:01,540 [Worker-82: reload maven project] INFO  o.e.m.c.i.e.AbstractTransferListenerAdapter - Downloading http://maven.wso2.org/nexus/content/groups/wso2-public/org/codehaus/plexus/plexus-archiver/1.0-alpha-7/plexus-archiver-1.0-alpha-7.pom
2019-03-20 02:04:01,763 [Worker-82: reload maven project] INFO  o.e.m.c.i.e.AbstractTransferListenerAdapter - Downloaded http://maven.wso2.org/nexus/content/groups/wso2-public/org/codehaus/plexus/plexus-archiver/1.0-alpha-7/plexus-archiver-1.0-alpha-7.pom
2019-03-20 02:04:02,045 [Worker-82: reload maven project] INFO  o.e.m.c.i.e.AbstractTransferListenerAdapter - Downloading http://maven.wso2.org/nexus/content/groups/wso2-public/org/codehaus/plexus/plexus-components/1.1.6/plexus-components-1.1.6.pom
2019-03-20 02:04:02,368 [Worker-82: reload maven project] INFO  o.e.m.c.i.e.AbstractTransferListenerAdapter - Downloaded http://maven.wso2.org/nexus/content/groups/wso2-public/org/codehaus/plexus/plexus-components/1.1.6/plexus-components-1.1.6.pom
2019-03-20 02:04:02,635 [Worker-82: reload maven project] INFO  o.e.m.c.i.e.AbstractTransferListenerAdapter - Downloading http://maven.wso2.org/nexus/content/groups/wso2-public/org/codehaus/plexus/plexus/1.0.8/plexus-1.0.8.pom
2019-03-20 02:04:02,865 [Worker-82: reload maven project] INFO  o.e.m.c.i.e.AbstractTransferListenerAdapter - Downloaded http://maven.wso2.org/nexus/content/groups/wso2-public/org/codehaus/plexus/plexus/1.0.8/plexus-1.0.8.pom
2019-03-20 02:04:03,135 [Worker-82: reload maven project] INFO  o.e.m.c.i.e.AbstractTransferListenerAdapter - Downloading http://maven.wso2.org/nexus/content/groups/wso2-public/org/apache/maven/shared/maven-dependency-tree/1.2/maven-dependency-tree-1.2.pom
2019-03-20 02:04:03,367 [Worker-82: reload maven project] INFO  o.e.m.c.i.e.AbstractTransferListenerAdapter - Downloaded http://maven.wso2.org/nexus/content/groups/wso2-public/org/apache/maven/shared/maven-dependency-tree/1.2/maven-dependency-tree-1.2.pom
2019-03-20 02:04:03,608 [Worker-82: reload maven project] INFO  o.e.m.c.i.e.AbstractTransferListenerAdapter - Downloading http://maven.wso2.org/nexus/content/groups/wso2-public/org/apache/maven/shared/maven-shared-components/9/maven-shared-components-9.pom
2019-03-20 02:04:03,838 [Worker-82: reload maven project] INFO  o.e.m.c.i.e.AbstractTransferListenerAdapter - Downloaded http://maven.wso2.org/nexus/content/groups/wso2-public/org/apache/maven/shared/maven-shared-components/9/maven-shared-components-9.pom
2019-03-20 02:04:04,146 [Worker-82: reload maven project] INFO  o.e.m.c.i.e.AbstractTransferListenerAdapter - Downloading http://maven.wso2.org/nexus/content/groups/wso2-public/org/apache/maven/maven-parent/8/maven-parent-8.pom
2019-03-20 02:04:04,395 [Worker-82: reload maven project] INFO  o.e.m.c.i.e.AbstractTransferListenerAdapter - Downloaded http://maven.wso2.org/nexus/content/groups/wso2-public/org/apache/maven/maven-parent/8/maven-parent-8.pom
2019-03-20 02:04:04,679 [Worker-82: reload maven project] INFO  o.e.m.c.i.e.AbstractTransferListenerAdapter - Downloading http://maven.wso2.org/nexus/content/groups/wso2-public/org/apache/maven/wagon/wagon-provider-api/1.0-beta-2/wagon-provider-api-1.0-beta-2.pom
2019-03-20 02:04:04,912 [Worker-82: reload maven project] INFO  o.e.m.c.i.e.AbstractTransferListenerAdapter - Downloaded http://maven.wso2.org/nexus/content/groups/wso2-public/org/apache/maven/wagon/wagon-provider-api/1.0-beta-2/wagon-provider-api-1.0-beta-2.pom
2019-03-20 02:04:05,220 [Worker-82: reload maven project] INFO  o.e.m.c.i.e.AbstractTransferListenerAdapter - Downloading http://maven.wso2.org/nexus/content/groups/wso2-public/org/apache/maven/wagon/wagon/1.0-beta-2/wagon-1.0-beta-2.pom
2019-03-20 02:04:05,604 [Worker-82: reload maven project] INFO  o.e.m.c.i.e.AbstractTransferListenerAdapter - Downloaded http://maven.wso2.org/nexus/content/groups/wso2-public/org/apache/maven/wagon/wagon/1.0-beta-2/wagon-1.0-beta-2.pom
2019-03-20 02:04:05,894 [Worker-82: reload maven project] INFO  o.e.m.c.i.e.AbstractTransferListenerAdapter - Downloading http://maven.wso2.org/nexus/content/groups/wso2-public/org/apache/ws/commons/axiom/wso2/axiom/1.2.11.wso2v4/axiom-1.2.11.wso2v4.pom
2019-03-20 02:04:06,315 [Worker-82: reload maven project] INFO  o.e.m.c.i.e.AbstractTransferListenerAdapter - Downloaded http://maven.wso2.org/nexus/content/groups/wso2-public/org/apache/ws/commons/axiom/wso2/axiom/1.2.11.wso2v4/axiom-1.2.11.wso2v4.pom
2019-03-20 02:04:06,576 [Worker-82: reload maven project] INFO  o.e.m.c.i.e.AbstractTransferListenerAdapter - Downloading http://maven.wso2.org/nexus/content/groups/wso2-public/org/wso2/carbon/carbon-kernel-dependents/4.1.0/carbon-kernel-dependents-4.1.0.pom
2019-03-20 02:04:06,867 [Worker-82: reload maven project] INFO  o.e.m.c.i.e.AbstractTransferListenerAdapter - Downloaded http://maven.wso2.org/nexus/content/groups/wso2-public/org/wso2/carbon/carbon-kernel-dependents/4.1.0/carbon-kernel-dependents-4.1.0.pom
2019-03-20 02:04:07,129 [Worker-82: reload maven project] INFO  o.e.m.c.i.e.AbstractTransferListenerAdapter - Downloading http://maven.wso2.org/nexus/content/groups/wso2-public/org/wso2/carbon/carbon-parent/4.1.0/carbon-parent-4.1.0.pom
2019-03-20 02:04:07,695 [Worker-82: reload maven project] INFO  o.e.m.c.i.e.AbstractTransferListenerAdapter - Downloaded http://maven.wso2.org/nexus/content/groups/wso2-public/org/wso2/carbon/carbon-parent/4.1.0/carbon-parent-4.1.0.pom
2019-03-20 02:04:07,943 [Worker-82: reload maven project] INFO  o.e.m.c.i.e.AbstractTransferListenerAdapter - Downloading http://maven.wso2.org/nexus/content/groups/wso2-public/org/apache/geronimo/specs/wso2/geronimo-stax-api_1.0_spec/1.0.1.wso2v1/geronimo-stax-api_1.0_spec-1.0.1.wso2v1.pom
2019-03-20 02:04:08,519 [Worker-82: reload maven project] INFO  o.e.m.c.i.e.AbstractTransferListenerAdapter - Downloaded http://maven.wso2.org/nexus/content/groups/wso2-public/org/apache/geronimo/specs/wso2/geronimo-stax-api_1.0_spec/1.0.1.wso2v1/geronimo-stax-api_1.0_spec-1.0.1.wso2v1.pom
2019-03-20 02:04:08,912 [Worker-82: reload maven project] INFO  o.e.m.c.i.e.AbstractTransferListenerAdapter - Downloading http://maven.wso2.org/nexus/content/groups/wso2-public/org/wso2/carbon/carbon-orbit-parent/3.1.0/carbon-orbit-parent-3.1.0.pom
2019-03-20 02:04:09,472 [Worker-82: reload maven project] INFO  o.e.m.c.i.e.AbstractTransferListenerAdapter - Downloaded http://maven.wso2.org/nexus/content/groups/wso2-public/org/wso2/carbon/carbon-orbit-parent/3.1.0/carbon-orbit-parent-3.1.0.pom
2019-03-20 02:04:09,756 [Worker-82: reload maven project] INFO  o.e.m.c.i.e.AbstractTransferListenerAdapter - Downloading http://maven.wso2.org/nexus/content/groups/wso2-public/org/apache/geronimo/specs/geronimo-stax-api_1.0_spec/1.0.1/geronimo-stax-api_1.0_spec-1.0.1.pom
2019-03-20 02:04:10,256 [Worker-82: reload maven project] INFO  o.e.m.c.i.e.AbstractTransferListenerAdapter - Downloaded http://maven.wso2.org/nexus/content/groups/wso2-public/org/apache/geronimo/specs/geronimo-stax-api_1.0_spec/1.0.1/geronimo-stax-api_1.0_spec-1.0.1.pom
2019-03-20 02:04:10,502 [Worker-82: reload maven project] INFO  o.e.m.c.i.e.AbstractTransferListenerAdapter - Downloading http://maven.wso2.org/nexus/content/groups/wso2-public/org/apache/geronimo/specs/specs/1.3/specs-1.3.pom
2019-03-20 02:04:11,207 [Worker-82: reload maven project] INFO  o.e.m.c.i.e.AbstractTransferListenerAdapter - Downloaded http://maven.wso2.org/nexus/content/groups/wso2-public/org/apache/geronimo/specs/specs/1.3/specs-1.3.pom
2019-03-20 02:04:11,595 [Worker-82: reload maven project] INFO  o.e.m.c.i.e.AbstractTransferListenerAdapter - Downloading http://maven.wso2.org/nexus/content/groups/wso2-public/org/apache/geronimo/genesis/config/project-config/1.1/project-config-1.1.pom
2019-03-20 02:04:12,267 [Worker-82: reload maven project] INFO  o.e.m.c.i.e.AbstractTransferListenerAdapter - Downloaded http://maven.wso2.org/nexus/content/groups/wso2-public/org/apache/geronimo/genesis/config/project-config/1.1/project-config-1.1.pom
2019-03-20 02:04:12,700 [Worker-82: reload maven project] INFO  o.e.m.c.i.e.AbstractTransferListenerAdapter - Downloading http://maven.wso2.org/nexus/content/groups/wso2-public/org/apache/geronimo/genesis/config/config/1.1/config-1.1.pom
2019-03-20 02:04:13,397 [Worker-82: reload maven project] INFO  o.e.m.c.i.e.AbstractTransferListenerAdapter - Downloaded http://maven.wso2.org/nexus/content/groups/wso2-public/org/apache/geronimo/genesis/config/config/1.1/config-1.1.pom
2019-03-20 02:04:13,717 [Worker-82: reload maven project] INFO  o.e.m.c.i.e.AbstractTransferListenerAdapter - Downloading http://maven.wso2.org/nexus/content/groups/wso2-public/org/apache/geronimo/genesis/genesis/1.1/genesis-1.1.pom
2019-03-20 02:04:14,331 [Worker-82: reload maven project] INFO  o.e.m.c.i.e.AbstractTransferListenerAdapter - Downloaded http://maven.wso2.org/nexus/content/groups/wso2-public/org/apache/geronimo/genesis/genesis/1.1/genesis-1.1.pom
2019-03-20 02:04:14,642 [Worker-82: reload maven project] INFO  o.e.m.c.i.e.AbstractTransferListenerAdapter - Downloading http://maven.wso2.org/nexus/content/groups/wso2-public/org/codehaus/woodstox/wstx-asl/3.2.9/wstx-asl-3.2.9.pom
2019-03-20 02:04:15,388 [Worker-82: reload maven project] INFO  o.e.m.c.i.e.AbstractTransferListenerAdapter - Downloaded http://maven.wso2.org/nexus/content/groups/wso2-public/org/codehaus/woodstox/wstx-asl/3.2.9/wstx-asl-3.2.9.pom
2019-03-20 02:04:15,768 [Worker-82: reload maven project] INFO  o.e.m.c.i.e.AbstractTransferListenerAdapter - Downloading http://maven.wso2.org/nexus/content/groups/wso2-public/commons-logging/commons-logging/1.1.1/commons-logging-1.1.1.pom
2019-03-20 02:04:16,131 [Worker-82: reload maven project] INFO  o.e.m.c.i.e.AbstractTransferListenerAdapter - Downloaded http://maven.wso2.org/nexus/content/groups/wso2-public/commons-logging/commons-logging/1.1.1/commons-logging-1.1.1.pom
2019-03-20 02:04:16,388 [Worker-82: reload maven project] INFO  o.e.m.c.i.e.AbstractTransferListenerAdapter - Downloading http://maven.wso2.org/nexus/content/groups/wso2-public/org/apache/commons/commons-parent/5/commons-parent-5.pom
2019-03-20 02:04:16,709 [Worker-82: reload maven project] INFO  o.e.m.c.i.e.AbstractTransferListenerAdapter - Downloaded http://maven.wso2.org/nexus/content/groups/wso2-public/org/apache/commons/commons-parent/5/commons-parent-5.pom
2019-03-20 02:04:17,289 [Worker-82: reload maven project] INFO  o.e.m.c.i.e.AbstractTransferListenerAdapter - Downloading http://maven.wso2.org/nexus/content/groups/wso2-public/org/wso2/maven/org.wso2.maven.capp/2.1.1/org.wso2.maven.capp-2.1.1.pom
2019-03-20 02:04:17,997 [Worker-82: reload maven project] INFO  o.e.m.c.i.e.AbstractTransferListenerAdapter - Downloaded http://maven.wso2.org/nexus/content/groups/wso2-public/org/wso2/maven/org.wso2.maven.capp/2.1.1/org.wso2.maven.capp-2.1.1.pom
2019-03-20 02:04:18,247 [Worker-82: reload maven project] INFO  o.e.m.c.i.e.AbstractTransferListenerAdapter - Downloading http://maven.wso2.org/nexus/content/groups/wso2-public/org/wso2/maven/org.wso2.maven.utils/2.1.1/org.wso2.maven.utils-2.1.1.pom
2019-03-20 02:04:18,883 [Worker-82: reload maven project] INFO  o.e.m.c.i.e.AbstractTransferListenerAdapter - Downloaded http://maven.wso2.org/nexus/content/groups/wso2-public/org/wso2/maven/org.wso2.maven.utils/2.1.1/org.wso2.maven.utils-2.1.1.pom
2019-03-20 02:04:19,147 [Worker-82: reload maven project] INFO  o.e.m.c.i.e.AbstractTransferListenerAdapter - Downloading http://maven.wso2.org/nexus/content/groups/wso2-public/org/wso2/maven/org.wso2.maven.core/2.1.1/org.wso2.maven.core-2.1.1.pom
2019-03-20 02:04:19,750 [Worker-82: reload maven project] INFO  o.e.m.c.i.e.AbstractTransferListenerAdapter - Downloaded http://maven.wso2.org/nexus/content/groups/wso2-public/org/wso2/maven/org.wso2.maven.core/2.1.1/org.wso2.maven.core-2.1.1.pom
2019-03-20 02:04:20,180 [Worker-82: reload maven project] INFO  o.e.m.c.i.e.AbstractTransferListenerAdapter - Downloading http://maven.wso2.org/nexus/content/groups/wso2-public/org/wso2/maven/maven-synapse-plugin/2.1.0/maven-synapse-plugin-2.1.0.pom
2019-03-20 02:04:20,612 [Worker-82: reload maven project] INFO  o.e.m.c.i.e.AbstractTransferListenerAdapter - Downloaded http://maven.wso2.org/nexus/content/groups/wso2-public/org/wso2/maven/maven-synapse-plugin/2.1.0/maven-synapse-plugin-2.1.0.pom
2019-03-20 02:04:20,875 [Worker-82: reload maven project] INFO  o.e.m.c.i.e.AbstractTransferListenerAdapter - Downloading http://maven.wso2.org/nexus/content/groups/wso2-public/org/wso2/maven/maven-tools/5.0.0/maven-tools-5.0.0.pom
2019-03-20 02:04:21,493 [Worker-82: reload maven project] INFO  o.e.m.c.i.e.AbstractTransferListenerAdapter - Downloaded http://maven.wso2.org/nexus/content/groups/wso2-public/org/wso2/maven/maven-tools/5.0.0/maven-tools-5.0.0.pom
2019-03-20 02:04:21,918 [Worker-82: reload maven project] INFO  o.e.m.c.i.e.AbstractTransferListenerAdapter - Downloading http://maven.wso2.org/nexus/content/groups/wso2-public/org/apache/commons/commons-io/1.3.2/commons-io-1.3.2.pom
2019-03-20 02:04:22,441 [Worker-82: reload maven project] INFO  o.e.m.c.i.e.AbstractTransferListenerAdapter - Downloaded http://maven.wso2.org/nexus/content/groups/wso2-public/org/apache/commons/commons-io/1.3.2/commons-io-1.3.2.pom
2019-03-20 02:04:23,242 [Worker-82: reload maven project] INFO  o.e.m.c.i.e.AbstractTransferListenerAdapter - Downloading http://maven.wso2.org/nexus/content/groups/wso2-public/org/wso2/maven/maven-stratos-plugin/2.1.0/maven-stratos-plugin-2.1.0.pom
2019-03-20 02:04:24,184 [Worker-82: reload maven project] INFO  o.e.m.c.i.e.AbstractTransferListenerAdapter - Downloaded http://maven.wso2.org/nexus/content/groups/wso2-public/org/wso2/maven/maven-stratos-plugin/2.1.0/maven-stratos-plugin-2.1.0.pom
2019-03-20 02:04:24,595 [Worker-82: reload maven project] INFO  o.e.m.c.i.e.AbstractTransferListenerAdapter - Downloading http://maven.wso2.org/nexus/content/groups/wso2-public/org/apache/axis2/wso2/axis2-client/1.6.1.wso2v9/axis2-client-1.6.1.wso2v9.pom
2019-03-20 02:04:24,900 [Worker-82: reload maven project] INFO  o.e.m.c.i.e.AbstractTransferListenerAdapter - Downloaded http://maven.wso2.org/nexus/content/groups/wso2-public/org/apache/axis2/wso2/axis2-client/1.6.1.wso2v9/axis2-client-1.6.1.wso2v9.pom
2019-03-20 02:04:25,194 [Worker-82: reload maven project] INFO  o.e.m.c.i.e.AbstractTransferListenerAdapter - Downloading http://maven.wso2.org/nexus/content/groups/wso2-public/org/apache/ws/commons/schema/wso2/XmlSchema/1.4.7.wso2v1/XmlSchema-1.4.7.wso2v1.pom
2019-03-20 02:04:25,444 [Worker-82: reload maven project] INFO  o.e.m.c.i.e.AbstractTransferListenerAdapter - Downloaded http://maven.wso2.org/nexus/content/groups/wso2-public/org/apache/ws/commons/schema/wso2/XmlSchema/1.4.7.wso2v1/XmlSchema-1.4.7.wso2v1.pom
2019-03-20 02:04:25,803 [Worker-82: reload maven project] INFO  o.e.m.c.i.e.AbstractTransferListenerAdapter - Downloading http://maven.wso2.org/nexus/content/groups/wso2-public/org/wso2/carbon/carbon-orbit-parent/3.2.0/carbon-orbit-parent-3.2.0.pom
2019-03-20 02:04:26,273 [Worker-82: reload maven project] INFO  o.e.m.c.i.e.AbstractTransferListenerAdapter - Downloaded http://maven.wso2.org/nexus/content/groups/wso2-public/org/wso2/carbon/carbon-orbit-parent/3.2.0/carbon-orbit-parent-3.2.0.pom
2019-03-20 02:04:26,593 [Worker-82: reload maven project] INFO  o.e.m.c.i.e.AbstractTransferListenerAdapter - Downloading http://maven.wso2.org/nexus/content/groups/wso2-public/org/wso2/carbon/carbon-platform/3.2.0/carbon-platform-3.2.0.pom
2019-03-20 02:04:26,917 [Worker-82: reload maven project] INFO  o.e.m.c.i.e.AbstractTransferListenerAdapter - Downloaded http://maven.wso2.org/nexus/content/groups/wso2-public/org/wso2/carbon/carbon-platform/3.2.0/carbon-platform-3.2.0.pom
2019-03-20 02:04:27,179 [Worker-82: reload maven project] INFO  o.e.m.c.i.e.AbstractTransferListenerAdapter - Downloading http://maven.wso2.org/nexus/content/groups/wso2-public/org/apache/neethi/wso2/neethi/2.0.4.wso2v3/neethi-2.0.4.wso2v3.pom
2019-03-20 02:04:27,422 [Worker-82: reload maven project] INFO  o.e.m.c.i.e.AbstractTransferListenerAdapter - Downloaded http://maven.wso2.org/nexus/content/groups/wso2-public/org/apache/neethi/wso2/neethi/2.0.4.wso2v3/neethi-2.0.4.wso2v3.pom
2019-03-20 02:04:27,858 [Worker-82: reload maven project] INFO  o.e.m.c.i.e.AbstractTransferListenerAdapter - Downloading http://maven.wso2.org/nexus/content/groups/wso2-public/org/apache/axis2/wso2/axis2-json/1.6.1.wso2v9/axis2-json-1.6.1.wso2v9.pom
2019-03-20 02:04:28,104 [Worker-82: reload maven project] INFO  o.e.m.c.i.e.AbstractTransferListenerAdapter - Downloaded http://maven.wso2.org/nexus/content/groups/wso2-public/org/apache/axis2/wso2/axis2-json/1.6.1.wso2v9/axis2-json-1.6.1.wso2v9.pom
2019-03-20 02:04:28,366 [Worker-82: reload maven project] INFO  o.e.m.c.i.e.AbstractTransferListenerAdapter - Downloading http://maven.wso2.org/nexus/content/groups/wso2-public/org/apache/woden/wso2/woden/1.0.0.M8-wso2v1/woden-1.0.0.M8-wso2v1.pom
2019-03-20 02:04:28,712 [Worker-82: reload maven project] INFO  o.e.m.c.i.e.AbstractTransferListenerAdapter - Downloaded http://maven.wso2.org/nexus/content/groups/wso2-public/org/apache/woden/wso2/woden/1.0.0.M8-wso2v1/woden-1.0.0.M8-wso2v1.pom
2019-03-20 02:04:28,960 [Worker-82: reload maven project] INFO  o.e.m.c.i.e.AbstractTransferListenerAdapter - Downloading http://maven.wso2.org/nexus/content/groups/wso2-public/wsdl4j/wso2/wsdl4j/1.6.2.wso2v2/wsdl4j-1.6.2.wso2v2.pom
2019-03-20 02:04:29,182 [Worker-82: reload maven project] INFO  o.e.m.c.i.e.AbstractTransferListenerAdapter - Downloaded http://maven.wso2.org/nexus/content/groups/wso2-public/wsdl4j/wso2/wsdl4j/1.6.2.wso2v2/wsdl4j-1.6.2.wso2v2.pom
2019-03-20 02:04:29,429 [Worker-82: reload maven project] INFO  o.e.m.c.i.e.AbstractTransferListenerAdapter - Downloading http://maven.wso2.org/nexus/content/groups/wso2-public/wsdl4j/wsdl4j/1.6.2/wsdl4j-1.6.2.pom
2019-03-20 02:04:29,815 [Worker-82: reload maven project] INFO  o.e.m.c.i.e.AbstractTransferListenerAdapter - Downloaded http://maven.wso2.org/nexus/content/groups/wso2-public/wsdl4j/wsdl4j/1.6.2/wsdl4j-1.6.2.pom
2019-03-20 02:04:30,189 [Worker-82: reload maven project] INFO  o.e.m.c.i.e.AbstractTransferListenerAdapter - Downloading http://maven.wso2.org/nexus/content/groups/wso2-public/org/wso2/securevault/org.wso2.securevault/1.0.0/org.wso2.securevault-1.0.0.pom
2019-03-20 02:04:30,408 [Worker-82: reload maven project] INFO  o.e.m.c.i.e.AbstractTransferListenerAdapter - Downloaded http://maven.wso2.org/nexus/content/groups/wso2-public/org/wso2/securevault/org.wso2.securevault/1.0.0/org.wso2.securevault-1.0.0.pom
2019-03-20 02:04:30,821 [Worker-82: reload maven project] INFO  o.e.m.c.i.e.AbstractTransferListenerAdapter - Downloading http://maven.wso2.org/nexus/content/groups/wso2-public/org/apache/httpcomponents/wso2/httpcore/4.2.3.wso2v1/httpcore-4.2.3.wso2v1.pom
2019-03-20 02:04:31,163 [Worker-82: reload maven project] INFO  o.e.m.c.i.e.AbstractTransferListenerAdapter - Downloaded http://maven.wso2.org/nexus/content/groups/wso2-public/org/apache/httpcomponents/wso2/httpcore/4.2.3.wso2v1/httpcore-4.2.3.wso2v1.pom
2019-03-20 02:04:31,421 [Worker-82: reload maven project] INFO  o.e.m.c.i.e.AbstractTransferListenerAdapter - Downloading http://maven.wso2.org/nexus/content/groups/wso2-public/org/wso2/carbon/orbit-parent/4.1.0/orbit-parent-4.1.0.pom
2019-03-20 02:04:31,783 [Worker-82: reload maven project] INFO  o.e.m.c.i.e.AbstractTransferListenerAdapter - Downloaded http://maven.wso2.org/nexus/content/groups/wso2-public/org/wso2/carbon/orbit-parent/4.1.0/orbit-parent-4.1.0.pom
2019-03-20 02:04:32,258 [Worker-82: reload maven project] INFO  o.e.m.c.i.e.AbstractTransferListenerAdapter - Downloading http://maven.wso2.org/nexus/content/groups/wso2-public/commons-fileupload/wso2/commons-fileupload/1.2.0.wso2v1/commons-fileupload-1.2.0.wso2v1.pom
2019-03-20 02:04:32,786 [Worker-82: reload maven project] INFO  o.e.m.c.i.e.AbstractTransferListenerAdapter - Downloaded http://maven.wso2.org/nexus/content/groups/wso2-public/commons-fileupload/wso2/commons-fileupload/1.2.0.wso2v1/commons-fileupload-1.2.0.wso2v1.pom
2019-03-20 02:04:33,176 [Worker-82: reload maven project] INFO  o.e.m.c.i.e.AbstractTransferListenerAdapter - Downloading http://maven.wso2.org/nexus/content/groups/wso2-public/commons-codec/wso2/commons-codec/1.4.0.wso2v1/commons-codec-1.4.0.wso2v1.pom
2019-03-20 02:04:33,596 [Worker-82: reload maven project] INFO  o.e.m.c.i.e.AbstractTransferListenerAdapter - Downloaded http://maven.wso2.org/nexus/content/groups/wso2-public/commons-codec/wso2/commons-codec/1.4.0.wso2v1/commons-codec-1.4.0.wso2v1.pom
2019-03-20 02:04:33,898 [Worker-82: reload maven project] INFO  o.e.m.c.i.e.AbstractTransferListenerAdapter - Downloading http://maven.wso2.org/nexus/content/groups/wso2-public/org/wso2/carbon/orbit-parent/4.0.0/orbit-parent-4.0.0.pom
2019-03-20 02:04:34,133 [Worker-82: reload maven project] INFO  o.e.m.c.i.e.AbstractTransferListenerAdapter - Downloaded http://maven.wso2.org/nexus/content/groups/wso2-public/org/wso2/carbon/orbit-parent/4.0.0/orbit-parent-4.0.0.pom
2019-03-20 02:04:34,412 [Worker-82: reload maven project] INFO  o.e.m.c.i.e.AbstractTransferListenerAdapter - Downloading http://maven.wso2.org/nexus/content/groups/wso2-public/commons-httpclient/wso2/commons-httpclient/3.1.0.wso2v1/commons-httpclient-3.1.0.wso2v1.pom
2019-03-20 02:04:34,828 [Worker-82: reload maven project] INFO  o.e.m.c.i.e.AbstractTransferListenerAdapter - Downloaded http://maven.wso2.org/nexus/content/groups/wso2-public/commons-httpclient/wso2/commons-httpclient/3.1.0.wso2v1/commons-httpclient-3.1.0.wso2v1.pom
2019-03-20 02:04:35,114 [Worker-82: reload maven project] INFO  o.e.m.c.i.e.AbstractTransferListenerAdapter - Downloading http://maven.wso2.org/nexus/content/groups/wso2-public/org/apache/commons/ssl/not-yet-commons-ssl/0.3.9/not-yet-commons-ssl-0.3.9.pom
2019-03-20 02:04:35,356 [Worker-82: reload maven project] INFO  o.e.m.c.i.e.AbstractTransferListenerAdapter - Downloaded http://maven.wso2.org/nexus/content/groups/wso2-public/org/apache/commons/ssl/not-yet-commons-ssl/0.3.9/not-yet-commons-ssl-0.3.9.pom
2019-03-20 02:04:35,737 [Worker-82: reload maven project] INFO  o.e.m.c.i.e.AbstractTransferListenerAdapter - Downloading http://maven.wso2.org/nexus/content/groups/wso2-public/org/wso2/carbon/org.wso2.carbon.authenticator.stub/3.2.0/org.wso2.carbon.authenticator.stub-3.2.0.pom
2019-03-20 02:04:36,152 [Worker-82: reload maven project] INFO  o.e.m.c.i.e.AbstractTransferListenerAdapter - Downloaded http://maven.wso2.org/nexus/content/groups/wso2-public/org/wso2/carbon/org.wso2.carbon.authenticator.stub/3.2.0/org.wso2.carbon.authenticator.stub-3.2.0.pom
2019-03-20 02:04:36,411 [Worker-82: reload maven project] INFO  o.e.m.c.i.e.AbstractTransferListenerAdapter - Downloading http://maven.wso2.org/nexus/content/groups/wso2-public/org/wso2/carbon/service-stubs/3.2.0/service-stubs-3.2.0.pom
2019-03-20 02:04:36,783 [Worker-82: reload maven project] INFO  o.e.m.c.i.e.AbstractTransferListenerAdapter - Downloaded http://maven.wso2.org/nexus/content/groups/wso2-public/org/wso2/carbon/service-stubs/3.2.0/service-stubs-3.2.0.pom
2019-03-20 02:04:37,170 [Worker-82: reload maven project] INFO  o.e.m.c.i.e.AbstractTransferListenerAdapter - Downloading http://maven.wso2.org/nexus/content/groups/wso2-public/org/apache/axis2/wso2/axis2/1.6.1.wso2v3/axis2-1.6.1.wso2v3.pom
2019-03-20 02:04:37,401 [Worker-82: reload maven project] INFO  o.e.m.c.i.e.AbstractTransferListenerAdapter - Downloaded http://maven.wso2.org/nexus/content/groups/wso2-public/org/apache/axis2/wso2/axis2/1.6.1.wso2v3/axis2-1.6.1.wso2v3.pom
2019-03-20 02:04:37,789 [Worker-82: reload maven project] INFO  o.e.m.c.i.e.AbstractTransferListenerAdapter - Downloading http://maven.wso2.org/nexus/content/groups/wso2-public/org/apache/ws/commons/schema/XmlSchema/1.4.7-wso2v1/XmlSchema-1.4.7-wso2v1.pom
2019-03-20 02:04:38,140 [Worker-82: reload maven project] INFO  o.e.m.c.i.e.AbstractTransferListenerAdapter - Downloaded http://maven.wso2.org/nexus/content/groups/wso2-public/org/apache/ws/commons/schema/XmlSchema/1.4.7-wso2v1/XmlSchema-1.4.7-wso2v1.pom
2019-03-20 02:04:38,397 [Worker-82: reload maven project] INFO  o.e.m.c.i.e.AbstractTransferListenerAdapter - Downloading http://maven.wso2.org/nexus/content/groups/wso2-public/org/wso2/carbon/org.wso2.carbon.roles.mgt.stub/3.2.0/org.wso2.carbon.roles.mgt.stub-3.2.0.pom
2019-03-20 02:04:38,819 [Worker-82: reload maven project] INFO  o.e.m.c.i.e.AbstractTransferListenerAdapter - Downloaded http://maven.wso2.org/nexus/content/groups/wso2-public/org/wso2/carbon/org.wso2.carbon.roles.mgt.stub/3.2.0/org.wso2.carbon.roles.mgt.stub-3.2.0.pom
2019-03-20 02:04:39,320 [Worker-82: reload maven project] INFO  o.e.m.c.i.e.AbstractTransferListenerAdapter - Downloading http://maven.wso2.org/nexus/content/groups/wso2-public/commons-httpclient/commons-httpclient/3.1/commons-httpclient-3.1.pom
2019-03-20 02:04:39,547 [Worker-82: reload maven project] INFO  o.e.m.c.i.e.AbstractTransferListenerAdapter - Downloaded http://maven.wso2.org/nexus/content/groups/wso2-public/commons-httpclient/commons-httpclient/3.1/commons-httpclient-3.1.pom
2019-03-20 02:04:40,454 [Worker-82: reload maven project] INFO  o.e.m.c.i.e.AbstractTransferListenerAdapter - Downloading http://maven.wso2.org/nexus/content/groups/wso2-public/org/wso2/maven/maven-car-plugin/2.1.1/maven-car-plugin-2.1.1.jar
2019-03-20 02:04:40,973 [Worker-82: reload maven project] INFO  o.e.m.c.i.e.AbstractTransferListenerAdapter - Downloaded http://maven.wso2.org/nexus/content/groups/wso2-public/org/wso2/maven/maven-car-plugin/2.1.1/maven-car-plugin-2.1.1.jar
2019-03-20 02:04:41,223 [Worker-82: reload maven project] INFO  o.e.m.c.i.e.AbstractTransferListenerAdapter - Downloading http://maven.wso2.org/nexus/content/groups/wso2-public/biz/aQute/bndlib/0.0.357/bndlib-0.0.357.jar
2019-03-20 02:04:42,200 [Worker-82: reload maven project] INFO  o.e.m.c.i.e.AbstractTransferListenerAdapter - Downloaded http://maven.wso2.org/nexus/content/groups/wso2-public/biz/aQute/bndlib/0.0.357/bndlib-0.0.357.jar
2019-03-20 02:04:42,500 [Worker-82: reload maven project] INFO  o.e.m.c.i.e.AbstractTransferListenerAdapter - Downloading http://maven.wso2.org/nexus/content/groups/wso2-public/net/sf/kxml/kxml2/2.2.2/kxml2-2.2.2.jar
2019-03-20 02:04:42,769 [Worker-82: reload maven project] INFO  o.e.m.c.i.e.AbstractTransferListenerAdapter - Downloaded http://maven.wso2.org/nexus/content/groups/wso2-public/net/sf/kxml/kxml2/2.2.2/kxml2-2.2.2.jar
2019-03-20 02:04:42,977 [Worker-82: reload maven project] INFO  o.e.m.c.i.e.AbstractTransferListenerAdapter - Downloading http://maven.wso2.org/nexus/content/groups/wso2-public/xmlpull/xmlpull/1.1.3.1/xmlpull-1.1.3.1.jar
2019-03-20 02:04:43,236 [Worker-82: reload maven project] INFO  o.e.m.c.i.e.AbstractTransferListenerAdapter - Downloaded http://maven.wso2.org/nexus/content/groups/wso2-public/xmlpull/xmlpull/1.1.3.1/xmlpull-1.1.3.1.jar
2019-03-20 02:04:43,595 [Worker-82: reload maven project] INFO  o.e.m.c.i.e.AbstractTransferListenerAdapter - Downloading http://maven.wso2.org/nexus/content/groups/wso2-public/org/apache/felix/org.apache.felix.bundlerepository/1.6.2/org.apache.felix.bundlerepository-1.6.2.jar
2019-03-20 02:04:44,859 [Worker-82: reload maven project] INFO  o.e.m.c.i.e.AbstractTransferListenerAdapter - Downloaded http://maven.wso2.org/nexus/content/groups/wso2-public/org/apache/felix/org.apache.felix.bundlerepository/1.6.2/org.apache.felix.bundlerepository-1.6.2.jar
2019-03-20 02:04:45,162 [Worker-82: reload maven project] INFO  o.e.m.c.i.e.AbstractTransferListenerAdapter - Downloading http://maven.wso2.org/nexus/content/groups/wso2-public/org/osgi/org.osgi.core/4.1.0/org.osgi.core-4.1.0.jar
2019-03-20 02:04:46,123 [Worker-82: reload maven project] INFO  o.e.m.c.i.e.AbstractTransferListenerAdapter - Downloaded http://maven.wso2.org/nexus/content/groups/wso2-public/org/osgi/org.osgi.core/4.1.0/org.osgi.core-4.1.0.jar
2019-03-20 02:04:46,381 [Worker-82: reload maven project] INFO  o.e.m.c.i.e.AbstractTransferListenerAdapter - Downloading http://maven.wso2.org/nexus/content/groups/wso2-public/org/easymock/easymock/2.4/easymock-2.4.jar
2019-03-20 02:04:46,696 [Worker-82: reload maven project] INFO  o.e.m.c.i.e.AbstractTransferListenerAdapter - Downloaded http://maven.wso2.org/nexus/content/groups/wso2-public/org/easymock/easymock/2.4/easymock-2.4.jar
2019-03-20 02:04:47,102 [Worker-82: reload maven project] INFO  o.e.m.c.i.e.AbstractTransferListenerAdapter - Downloading http://maven.wso2.org/nexus/content/groups/wso2-public/org/apache/felix/org.osgi.core/1.0.0/org.osgi.core-1.0.0.jar
2019-03-20 02:04:47,553 [Worker-82: reload maven project] INFO  o.e.m.c.i.e.AbstractTransferListenerAdapter - Downloaded http://maven.wso2.org/nexus/content/groups/wso2-public/org/apache/felix/org.osgi.core/1.0.0/org.osgi.core-1.0.0.jar
2019-03-20 02:04:47,925 [Worker-82: reload maven project] INFO  o.e.m.c.i.e.AbstractTransferListenerAdapter - Downloading http://maven.wso2.org/nexus/content/groups/wso2-public/org/apache/felix/org.osgi.service.obr/1.0.1/org.osgi.service.obr-1.0.1.jar
2019-03-20 02:04:48,146 [Worker-82: reload maven project] INFO  o.e.m.c.i.e.AbstractTransferListenerAdapter - Downloaded http://maven.wso2.org/nexus/content/groups/wso2-public/org/apache/felix/org.osgi.service.obr/1.0.1/org.osgi.service.obr-1.0.1.jar
2019-03-20 02:04:48,432 [Worker-82: reload maven project] INFO  o.e.m.c.i.e.AbstractTransferListenerAdapter - Downloading http://maven.wso2.org/nexus/content/groups/wso2-public/org/apache/maven/maven-model/3.0.2/maven-model-3.0.2.jar
2019-03-20 02:04:49,614 [Worker-82: reload maven project] INFO  o.e.m.c.i.e.AbstractTransferListenerAdapter - Downloaded http://maven.wso2.org/nexus/content/groups/wso2-public/org/apache/maven/maven-model/3.0.2/maven-model-3.0.2.jar
2019-03-20 02:04:49,867 [Worker-82: reload maven project] INFO  o.e.m.c.i.e.AbstractTransferListenerAdapter - Downloading http://maven.wso2.org/nexus/content/groups/wso2-public/org/codehaus/plexus/plexus-component-annotations/1.5.4/plexus-component-annotations-1.5.4.jar
2019-03-20 02:04:50,118 [Worker-82: reload maven project] INFO  o.e.m.c.i.e.AbstractTransferListenerAdapter - Downloaded http://maven.wso2.org/nexus/content/groups/wso2-public/org/codehaus/plexus/plexus-component-annotations/1.5.4/plexus-component-annotations-1.5.4.jar
2019-03-20 02:04:50,482 [Worker-82: reload maven project] INFO  o.e.m.c.i.e.AbstractTransferListenerAdapter - Downloading http://maven.wso2.org/nexus/content/groups/wso2-public/org/apache/maven/maven-artifact/2.0.7/maven-artifact-2.0.7.jar
2019-03-20 02:04:51,105 [Worker-82: reload maven project] INFO  o.e.m.c.i.e.AbstractTransferListenerAdapter - Downloaded http://maven.wso2.org/nexus/content/groups/wso2-public/org/apache/maven/maven-artifact/2.0.7/maven-artifact-2.0.7.jar
2019-03-20 02:04:51,313 [Worker-82: reload maven project] INFO  o.e.m.c.i.e.AbstractTransferListenerAdapter - Downloading http://maven.wso2.org/nexus/content/groups/wso2-public/org/apache/maven/maven-archiver/2.2/maven-archiver-2.2.jar
2019-03-20 02:04:51,617 [Worker-82: reload maven project] INFO  o.e.m.c.i.e.AbstractTransferListenerAdapter - Downloaded http://maven.wso2.org/nexus/content/groups/wso2-public/org/apache/maven/maven-archiver/2.2/maven-archiver-2.2.jar
2019-03-20 02:04:51,922 [Worker-82: reload maven project] INFO  o.e.m.c.i.e.AbstractTransferListenerAdapter - Downloading http://maven.wso2.org/nexus/content/groups/wso2-public/org/apache/maven/maven-artifact-manager/2.0.7/maven-artifact-manager-2.0.7.jar
2019-03-20 02:04:52,210 [Worker-82: reload maven project] INFO  o.e.m.c.i.e.AbstractTransferListenerAdapter - Downloaded http://maven.wso2.org/nexus/content/groups/wso2-public/org/apache/maven/maven-artifact-manager/2.0.7/maven-artifact-manager-2.0.7.jar
2019-03-20 02:04:52,421 [Worker-82: reload maven project] INFO  o.e.m.c.i.e.AbstractTransferListenerAdapter - Downloading http://maven.wso2.org/nexus/content/groups/wso2-public/org/apache/maven/maven-repository-metadata/2.0.7/maven-repository-metadata-2.0.7.jar
2019-03-20 02:04:52,665 [Worker-82: reload maven project] INFO  o.e.m.c.i.e.AbstractTransferListenerAdapter - Downloaded http://maven.wso2.org/nexus/content/groups/wso2-public/org/apache/maven/maven-repository-metadata/2.0.7/maven-repository-metadata-2.0.7.jar
2019-03-20 02:04:53,149 [Worker-82: reload maven project] INFO  o.e.m.c.i.e.AbstractTransferListenerAdapter - Downloading http://maven.wso2.org/nexus/content/groups/wso2-public/org/apache/maven/maven-settings/2.0.7/maven-settings-2.0.7.jar
2019-03-20 02:04:53,566 [Worker-82: reload maven project] INFO  o.e.m.c.i.e.AbstractTransferListenerAdapter - Downloaded http://maven.wso2.org/nexus/content/groups/wso2-public/org/apache/maven/maven-settings/2.0.7/maven-settings-2.0.7.jar
2019-03-20 02:04:53,775 [Worker-82: reload maven project] INFO  o.e.m.c.i.e.AbstractTransferListenerAdapter - Downloading http://maven.wso2.org/nexus/content/groups/wso2-public/org/apache/maven/shared/maven-dependency-tree/1.2/maven-dependency-tree-1.2.jar
2019-03-20 02:04:54,023 [Worker-82: reload maven project] INFO  o.e.m.c.i.e.AbstractTransferListenerAdapter - Downloaded http://maven.wso2.org/nexus/content/groups/wso2-public/org/apache/maven/shared/maven-dependency-tree/1.2/maven-dependency-tree-1.2.jar
2019-03-20 02:04:54,372 [Worker-82: reload maven project] INFO  o.e.m.c.i.e.AbstractTransferListenerAdapter - Downloading http://maven.wso2.org/nexus/content/groups/wso2-public/org/apache/maven/wagon/wagon-provider-api/1.0-beta-2/wagon-provider-api-1.0-beta-2.jar
2019-03-20 02:04:54,619 [Worker-82: reload maven project] INFO  o.e.m.c.i.e.AbstractTransferListenerAdapter - Downloaded http://maven.wso2.org/nexus/content/groups/wso2-public/org/apache/maven/wagon/wagon-provider-api/1.0-beta-2/wagon-provider-api-1.0-beta-2.jar
2019-03-20 02:04:54,890 [Worker-82: reload maven project] INFO  o.e.m.c.i.e.AbstractTransferListenerAdapter - Downloading http://maven.wso2.org/nexus/content/groups/wso2-public/org/codehaus/plexus/plexus-container-default/1.5.4/plexus-container-default-1.5.4.jar
2019-03-20 02:04:55,715 [Worker-82: reload maven project] INFO  o.e.m.c.i.e.AbstractTransferListenerAdapter - Downloaded http://maven.wso2.org/nexus/content/groups/wso2-public/org/codehaus/plexus/plexus-container-default/1.5.4/plexus-container-default-1.5.4.jar
2019-03-20 02:04:55,923 [Worker-82: reload maven project] INFO  o.e.m.c.i.e.AbstractTransferListenerAdapter - Downloading http://maven.wso2.org/nexus/content/groups/wso2-public/org/codehaus/plexus/plexus-classworlds/2.2.2/plexus-classworlds-2.2.2.jar
2019-03-20 02:04:56,348 [Worker-82: reload maven project] INFO  o.e.m.c.i.e.AbstractTransferListenerAdapter - Downloaded http://maven.wso2.org/nexus/content/groups/wso2-public/org/codehaus/plexus/plexus-classworlds/2.2.2/plexus-classworlds-2.2.2.jar
2019-03-20 02:04:56,871 [Worker-82: reload maven project] INFO  o.e.m.c.i.e.AbstractTransferListenerAdapter - Downloading http://maven.wso2.org/nexus/content/groups/wso2-public/log4j/log4j/1.2.14/log4j-1.2.14.jar
2019-03-20 02:04:58,115 [Worker-82: reload maven project] INFO  o.e.m.c.i.e.AbstractTransferListenerAdapter - Downloaded http://maven.wso2.org/nexus/content/groups/wso2-public/log4j/log4j/1.2.14/log4j-1.2.14.jar
2019-03-20 02:04:58,307 [Worker-82: reload maven project] INFO  o.e.m.c.i.e.AbstractTransferListenerAdapter - Downloading http://maven.wso2.org/nexus/content/groups/wso2-public/org/codehaus/plexus/plexus-archiver/1.0-alpha-7/plexus-archiver-1.0-alpha-7.jar
2019-03-20 02:05:00,352 [Worker-82: reload maven project] INFO  o.e.m.c.i.e.AbstractTransferListenerAdapter - Downloaded http://maven.wso2.org/nexus/content/groups/wso2-public/org/codehaus/plexus/plexus-archiver/1.0-alpha-7/plexus-archiver-1.0-alpha-7.jar
2019-03-20 02:05:00,726 [Worker-82: reload maven project] INFO  o.e.m.c.i.e.AbstractTransferListenerAdapter - Downloading http://maven.wso2.org/nexus/content/groups/wso2-public/org/codehaus/plexus/plexus-utils/2.0.1/plexus-utils-2.0.1.jar
2019-03-20 02:05:01,430 [Worker-82: reload maven project] INFO  o.e.m.c.i.e.AbstractTransferListenerAdapter - Downloaded http://maven.wso2.org/nexus/content/groups/wso2-public/org/codehaus/plexus/plexus-utils/2.0.1/plexus-utils-2.0.1.jar
2019-03-20 02:05:01,619 [Worker-82: reload maven project] INFO  o.e.m.c.i.e.AbstractTransferListenerAdapter - Downloading http://maven.wso2.org/nexus/content/groups/wso2-public/org/apache/ws/commons/axiom/wso2/axiom/1.2.11.wso2v4/axiom-1.2.11.wso2v4.jar
2019-03-20 02:05:05,645 [Worker-82: reload maven project] INFO  o.e.m.c.i.e.AbstractTransferListenerAdapter - Downloaded http://maven.wso2.org/nexus/content/groups/wso2-public/org/apache/ws/commons/axiom/wso2/axiom/1.2.11.wso2v4/axiom-1.2.11.wso2v4.jar
2019-03-20 02:05:05,836 [Worker-82: reload maven project] INFO  o.e.m.c.i.e.AbstractTransferListenerAdapter - Downloading http://maven.wso2.org/nexus/content/groups/wso2-public/org/apache/geronimo/specs/wso2/geronimo-stax-api_1.0_spec/1.0.1.wso2v1/geronimo-stax-api_1.0_spec-1.0.1.wso2v1.jar
2019-03-20 02:05:07,239 [Worker-82: reload maven project] INFO  o.e.m.c.i.e.AbstractTransferListenerAdapter - Downloaded http://maven.wso2.org/nexus/content/groups/wso2-public/org/apache/geronimo/specs/wso2/geronimo-stax-api_1.0_spec/1.0.1.wso2v1/geronimo-stax-api_1.0_spec-1.0.1.wso2v1.jar
2019-03-20 02:05:07,430 [Worker-82: reload maven project] INFO  o.e.m.c.i.e.AbstractTransferListenerAdapter - Downloading http://maven.wso2.org/nexus/content/groups/wso2-public/org/apache/geronimo/specs/geronimo-stax-api_1.0_spec/1.0.1/geronimo-stax-api_1.0_spec-1.0.1.jar
2019-03-20 02:05:07,706 [Worker-82: reload maven project] INFO  o.e.m.c.i.e.AbstractTransferListenerAdapter - Downloaded http://maven.wso2.org/nexus/content/groups/wso2-public/org/apache/geronimo/specs/geronimo-stax-api_1.0_spec/1.0.1/geronimo-stax-api_1.0_spec-1.0.1.jar
2019-03-20 02:05:07,896 [Worker-82: reload maven project] INFO  o.e.m.c.i.e.AbstractTransferListenerAdapter - Downloading http://maven.wso2.org/nexus/content/groups/wso2-public/org/codehaus/woodstox/wstx-asl/3.2.9/wstx-asl-3.2.9.jar
2019-03-20 02:05:09,021 [Worker-82: reload maven project] INFO  o.e.m.c.i.e.AbstractTransferListenerAdapter - Downloaded http://maven.wso2.org/nexus/content/groups/wso2-public/org/codehaus/woodstox/wstx-asl/3.2.9/wstx-asl-3.2.9.jar
2019-03-20 02:05:09,894 [Worker-82: reload maven project] INFO  o.e.m.c.i.e.AbstractTransferListenerAdapter - Downloading http://maven.wso2.org/nexus/content/groups/wso2-public/commons-logging/commons-logging/1.1.1/commons-logging-1.1.1.jar
2019-03-20 02:05:10,356 [Worker-82: reload maven project] INFO  o.e.m.c.i.e.AbstractTransferListenerAdapter - Downloaded http://maven.wso2.org/nexus/content/groups/wso2-public/commons-logging/commons-logging/1.1.1/commons-logging-1.1.1.jar
2019-03-20 02:05:10,757 [Worker-82: reload maven project] INFO  o.e.m.c.i.e.AbstractTransferListenerAdapter - Downloading http://maven.wso2.org/nexus/content/groups/wso2-public/org/wso2/maven/org.wso2.maven.capp/2.1.1/org.wso2.maven.capp-2.1.1.jar
2019-03-20 02:05:11,004 [Worker-82: reload maven project] INFO  o.e.m.c.i.e.AbstractTransferListenerAdapter - Downloaded http://maven.wso2.org/nexus/content/groups/wso2-public/org/wso2/maven/org.wso2.maven.capp/2.1.1/org.wso2.maven.capp-2.1.1.jar
2019-03-20 02:05:11,196 [Worker-82: reload maven project] INFO  o.e.m.c.i.e.AbstractTransferListenerAdapter - Downloading http://maven.wso2.org/nexus/content/groups/wso2-public/org/wso2/maven/org.wso2.maven.core/2.1.1/org.wso2.maven.core-2.1.1.jar
2019-03-20 02:05:11,457 [Worker-82: reload maven project] INFO  o.e.m.c.i.e.AbstractTransferListenerAdapter - Downloaded http://maven.wso2.org/nexus/content/groups/wso2-public/org/wso2/maven/org.wso2.maven.core/2.1.1/org.wso2.maven.core-2.1.1.jar
2019-03-20 02:05:11,647 [Worker-82: reload maven project] INFO  o.e.m.c.i.e.AbstractTransferListenerAdapter - Downloading http://maven.wso2.org/nexus/content/groups/wso2-public/org/wso2/maven/org.wso2.maven.utils/2.1.1/org.wso2.maven.utils-2.1.1.jar
2019-03-20 02:05:12,008 [Worker-82: reload maven project] INFO  o.e.m.c.i.e.AbstractTransferListenerAdapter - Downloaded http://maven.wso2.org/nexus/content/groups/wso2-public/org/wso2/maven/org.wso2.maven.utils/2.1.1/org.wso2.maven.utils-2.1.1.jar
2019-03-20 02:05:12,204 [Worker-82: reload maven project] INFO  o.e.m.c.i.e.AbstractTransferListenerAdapter - Downloading http://maven.wso2.org/nexus/content/groups/wso2-public/org/wso2/maven/maven-synapse-plugin/2.1.0/maven-synapse-plugin-2.1.0.jar
2019-03-20 02:05:12,432 [Worker-82: reload maven project] INFO  o.e.m.c.i.e.AbstractTransferListenerAdapter - Downloaded http://maven.wso2.org/nexus/content/groups/wso2-public/org/wso2/maven/maven-synapse-plugin/2.1.0/maven-synapse-plugin-2.1.0.jar
2019-03-20 02:05:12,620 [Worker-82: reload maven project] INFO  o.e.m.c.i.e.AbstractTransferListenerAdapter - Downloading http://maven.wso2.org/nexus/content/groups/wso2-public/org/wso2/maven/maven-stratos-plugin/2.1.0/maven-stratos-plugin-2.1.0.jar
2019-03-20 02:05:14,331 [Worker-82: reload maven project] INFO  o.e.m.c.i.e.AbstractTransferListenerAdapter - Downloaded http://maven.wso2.org/nexus/content/groups/wso2-public/org/wso2/maven/maven-stratos-plugin/2.1.0/maven-stratos-plugin-2.1.0.jar
2019-03-20 02:05:14,592 [Worker-82: reload maven project] INFO  o.e.m.c.i.e.AbstractTransferListenerAdapter - Downloading http://maven.wso2.org/nexus/content/groups/wso2-public/org/apache/axis2/wso2/axis2-client/1.6.1.wso2v9/axis2-client-1.6.1.wso2v9.jar
2019-03-20 02:05:21,028 [Worker-82: reload maven project] INFO  o.e.m.c.i.e.AbstractTransferListenerAdapter - Downloaded http://maven.wso2.org/nexus/content/groups/wso2-public/org/apache/axis2/wso2/axis2-client/1.6.1.wso2v9/axis2-client-1.6.1.wso2v9.jar
2019-03-20 02:05:21,406 [Worker-82: reload maven project] INFO  o.e.m.c.i.e.AbstractTransferListenerAdapter - Downloading http://maven.wso2.org/nexus/content/groups/wso2-public/org/apache/ws/commons/schema/wso2/XmlSchema/1.4.7.wso2v1/XmlSchema-1.4.7.wso2v1.jar
2019-03-20 02:05:23,763 [Worker-82: reload maven project] INFO  o.e.m.c.i.e.AbstractTransferListenerAdapter - Downloaded http://maven.wso2.org/nexus/content/groups/wso2-public/org/apache/ws/commons/schema/wso2/XmlSchema/1.4.7.wso2v1/XmlSchema-1.4.7.wso2v1.jar
2019-03-20 02:05:23,956 [Worker-82: reload maven project] INFO  o.e.m.c.i.e.AbstractTransferListenerAdapter - Downloading http://maven.wso2.org/nexus/content/groups/wso2-public/org/apache/neethi/wso2/neethi/2.0.4.wso2v3/neethi-2.0.4.wso2v3.jar
2019-03-20 02:05:24,315 [Worker-82: reload maven project] INFO  o.e.m.c.i.e.AbstractTransferListenerAdapter - Downloaded http://maven.wso2.org/nexus/content/groups/wso2-public/org/apache/neethi/wso2/neethi/2.0.4.wso2v3/neethi-2.0.4.wso2v3.jar
2019-03-20 02:05:24,506 [Worker-82: reload maven project] INFO  o.e.m.c.i.e.AbstractTransferListenerAdapter - Downloading http://maven.wso2.org/nexus/content/groups/wso2-public/org/apache/axis2/wso2/axis2-json/1.6.1.wso2v9/axis2-json-1.6.1.wso2v9.jar
2019-03-20 02:05:24,803 [Worker-82: reload maven project] INFO  o.e.m.c.i.e.AbstractTransferListenerAdapter - Downloaded http://maven.wso2.org/nexus/content/groups/wso2-public/org/apache/axis2/wso2/axis2-json/1.6.1.wso2v9/axis2-json-1.6.1.wso2v9.jar
2019-03-20 02:05:24,994 [Worker-82: reload maven project] INFO  o.e.m.c.i.e.AbstractTransferListenerAdapter - Downloading http://maven.wso2.org/nexus/content/groups/wso2-public/org/apache/woden/wso2/woden/1.0.0.M8-wso2v1/woden-1.0.0.M8-wso2v1.jar
2019-03-20 02:05:25,867 [Worker-82: reload maven project] INFO  o.e.m.c.i.e.AbstractTransferListenerAdapter - Downloaded http://maven.wso2.org/nexus/content/groups/wso2-public/org/apache/woden/wso2/woden/1.0.0.M8-wso2v1/woden-1.0.0.M8-wso2v1.jar
2019-03-20 02:05:26,056 [Worker-82: reload maven project] INFO  o.e.m.c.i.e.AbstractTransferListenerAdapter - Downloading http://maven.wso2.org/nexus/content/groups/wso2-public/wsdl4j/wso2/wsdl4j/1.6.2.wso2v2/wsdl4j-1.6.2.wso2v2.jar
2019-03-20 02:05:26,680 [Worker-82: reload maven project] INFO  o.e.m.c.i.e.AbstractTransferListenerAdapter - Downloaded http://maven.wso2.org/nexus/content/groups/wso2-public/wsdl4j/wso2/wsdl4j/1.6.2.wso2v2/wsdl4j-1.6.2.wso2v2.jar
2019-03-20 02:05:26,872 [Worker-82: reload maven project] INFO  o.e.m.c.i.e.AbstractTransferListenerAdapter - Downloading http://maven.wso2.org/nexus/content/groups/wso2-public/wsdl4j/wsdl4j/1.6.2/wsdl4j-1.6.2.jar
2019-03-20 02:05:27,333 [Worker-82: reload maven project] INFO  o.e.m.c.i.e.AbstractTransferListenerAdapter - Downloaded http://maven.wso2.org/nexus/content/groups/wso2-public/wsdl4j/wsdl4j/1.6.2/wsdl4j-1.6.2.jar
2019-03-20 02:05:27,525 [Worker-82: reload maven project] INFO  o.e.m.c.i.e.AbstractTransferListenerAdapter - Downloading http://maven.wso2.org/nexus/content/groups/wso2-public/org/wso2/securevault/org.wso2.securevault/1.0.0/org.wso2.securevault-1.0.0.jar
2019-03-20 02:05:27,804 [Worker-82: reload maven project] INFO  o.e.m.c.i.e.AbstractTransferListenerAdapter - Downloaded http://maven.wso2.org/nexus/content/groups/wso2-public/org/wso2/securevault/org.wso2.securevault/1.0.0/org.wso2.securevault-1.0.0.jar
2019-03-20 02:05:27,996 [Worker-82: reload maven project] INFO  o.e.m.c.i.e.AbstractTransferListenerAdapter - Downloading http://maven.wso2.org/nexus/content/groups/wso2-public/org/apache/httpcomponents/wso2/httpcore/4.2.3.wso2v1/httpcore-4.2.3.wso2v1.jar
2019-03-20 02:05:28,636 [Worker-82: reload maven project] INFO  o.e.m.c.i.e.AbstractTransferListenerAdapter - Downloaded http://maven.wso2.org/nexus/content/groups/wso2-public/org/apache/httpcomponents/wso2/httpcore/4.2.3.wso2v1/httpcore-4.2.3.wso2v1.jar
2019-03-20 02:05:28,837 [Worker-82: reload maven project] INFO  o.e.m.c.i.e.AbstractTransferListenerAdapter - Downloading http://maven.wso2.org/nexus/content/groups/wso2-public/commons-fileupload/wso2/commons-fileupload/1.2.0.wso2v1/commons-fileupload-1.2.0.wso2v1.jar
2019-03-20 02:05:29,081 [Worker-82: reload maven project] INFO  o.e.m.c.i.e.AbstractTransferListenerAdapter - Downloaded http://maven.wso2.org/nexus/content/groups/wso2-public/commons-fileupload/wso2/commons-fileupload/1.2.0.wso2v1/commons-fileupload-1.2.0.wso2v1.jar
2019-03-20 02:05:29,283 [Worker-82: reload maven project] INFO  o.e.m.c.i.e.AbstractTransferListenerAdapter - Downloading http://maven.wso2.org/nexus/content/groups/wso2-public/commons-codec/wso2/commons-codec/1.4.0.wso2v1/commons-codec-1.4.0.wso2v1.jar
2019-03-20 02:05:29,527 [Worker-82: reload maven project] INFO  o.e.m.c.i.e.AbstractTransferListenerAdapter - Downloaded http://maven.wso2.org/nexus/content/groups/wso2-public/commons-codec/wso2/commons-codec/1.4.0.wso2v1/commons-codec-1.4.0.wso2v1.jar
2019-03-20 02:05:29,719 [Worker-82: reload maven project] INFO  o.e.m.c.i.e.AbstractTransferListenerAdapter - Downloading http://maven.wso2.org/nexus/content/groups/wso2-public/commons-httpclient/wso2/commons-httpclient/3.1.0.wso2v1/commons-httpclient-3.1.0.wso2v1.jar
2019-03-20 02:05:31,249 [Worker-82: reload maven project] INFO  o.e.m.c.i.e.AbstractTransferListenerAdapter - Downloaded http://maven.wso2.org/nexus/content/groups/wso2-public/commons-httpclient/wso2/commons-httpclient/3.1.0.wso2v1/commons-httpclient-3.1.0.wso2v1.jar
2019-03-20 02:05:31,443 [Worker-82: reload maven project] INFO  o.e.m.c.i.e.AbstractTransferListenerAdapter - Downloading http://maven.wso2.org/nexus/content/groups/wso2-public/org/apache/commons/ssl/not-yet-commons-ssl/0.3.9/not-yet-commons-ssl-0.3.9.jar
2019-03-20 02:05:32,144 [Worker-82: reload maven project] INFO  o.e.m.c.i.e.AbstractTransferListenerAdapter - Downloaded http://maven.wso2.org/nexus/content/groups/wso2-public/org/apache/commons/ssl/not-yet-commons-ssl/0.3.9/not-yet-commons-ssl-0.3.9.jar
2019-03-20 02:05:32,350 [Worker-82: reload maven project] INFO  o.e.m.c.i.e.AbstractTransferListenerAdapter - Downloading http://maven.wso2.org/nexus/content/groups/wso2-public/org/wso2/carbon/org.wso2.carbon.authenticator.stub/3.2.0/org.wso2.carbon.authenticator.stub-3.2.0.jar
2019-03-20 02:05:32,955 [Worker-82: reload maven project] INFO  o.e.m.c.i.e.AbstractTransferListenerAdapter - Downloaded http://maven.wso2.org/nexus/content/groups/wso2-public/org/wso2/carbon/org.wso2.carbon.authenticator.stub/3.2.0/org.wso2.carbon.authenticator.stub-3.2.0.jar
2019-03-20 02:05:33,149 [Worker-82: reload maven project] INFO  o.e.m.c.i.e.AbstractTransferListenerAdapter - Downloading http://maven.wso2.org/nexus/content/groups/wso2-public/org/apache/axis2/wso2/axis2/1.6.1.wso2v3/axis2-1.6.1.wso2v3.jar
2019-03-20 02:05:46,201 [Worker-82: reload maven project] INFO  o.e.m.c.i.e.AbstractTransferListenerAdapter - Downloaded http://maven.wso2.org/nexus/content/groups/wso2-public/org/apache/axis2/wso2/axis2/1.6.1.wso2v3/axis2-1.6.1.wso2v3.jar
2019-03-20 02:05:46,410 [Worker-82: reload maven project] INFO  o.e.m.c.i.e.AbstractTransferListenerAdapter - Downloading http://maven.wso2.org/nexus/content/groups/wso2-public/org/wso2/carbon/org.wso2.carbon.roles.mgt.stub/3.2.0/org.wso2.carbon.roles.mgt.stub-3.2.0.jar
2019-03-20 02:05:46,692 [Worker-82: reload maven project] INFO  o.e.m.c.i.e.AbstractTransferListenerAdapter - Downloaded http://maven.wso2.org/nexus/content/groups/wso2-public/org/wso2/carbon/org.wso2.carbon.roles.mgt.stub/3.2.0/org.wso2.carbon.roles.mgt.stub-3.2.0.jar
2019-03-20 02:05:46,887 [Worker-82: reload maven project] INFO  o.e.m.c.i.e.AbstractTransferListenerAdapter - Downloading http://maven.wso2.org/nexus/content/groups/wso2-public/commons-httpclient/commons-httpclient/3.1/commons-httpclient-3.1.jar
2019-03-20 02:05:47,589 [Worker-82: reload maven project] INFO  o.e.m.c.i.e.AbstractTransferListenerAdapter - Downloaded http://maven.wso2.org/nexus/content/groups/wso2-public/commons-httpclient/commons-httpclient/3.1/commons-httpclient-3.1.jar
2019-03-20 02:06:03,493 [Worker-82: reload maven project] INFO  o.e.m.c.i.e.AbstractTransferListenerAdapter - Downloading http://maven.wso2.org/nexus/content/groups/wso2-public/org/wso2/maven/maven-car-deploy-plugin/1.1.1/maven-car-deploy-plugin-1.1.1.pom
2019-03-20 02:06:03,913 [Worker-82: reload maven project] INFO  o.e.m.c.i.e.AbstractTransferListenerAdapter - Downloaded http://maven.wso2.org/nexus/content/groups/wso2-public/org/wso2/maven/maven-car-deploy-plugin/1.1.1/maven-car-deploy-plugin-1.1.1.pom
2019-03-20 02:06:04,202 [Worker-82: reload maven project] INFO  o.e.m.c.i.e.AbstractTransferListenerAdapter - Downloading http://maven.wso2.org/nexus/content/groups/wso2-public/org/apache/httpcomponents/httpcore/4.1/httpcore-4.1.pom
2019-03-20 02:06:04,599 [Worker-82: reload maven project] INFO  o.e.m.c.i.e.AbstractTransferListenerAdapter - Downloaded http://maven.wso2.org/nexus/content/groups/wso2-public/org/apache/httpcomponents/httpcore/4.1/httpcore-4.1.pom
2019-03-20 02:06:04,835 [Worker-82: reload maven project] INFO  o.e.m.c.i.e.AbstractTransferListenerAdapter - Downloading http://maven.wso2.org/nexus/content/groups/wso2-public/org/apache/httpcomponents/httpcomponents-core/4.1/httpcomponents-core-4.1.pom
2019-03-20 02:06:05,244 [Worker-82: reload maven project] INFO  o.e.m.c.i.e.AbstractTransferListenerAdapter - Downloaded http://maven.wso2.org/nexus/content/groups/wso2-public/org/apache/httpcomponents/httpcomponents-core/4.1/httpcomponents-core-4.1.pom
2019-03-20 02:06:05,596 [Worker-82: reload maven project] INFO  o.e.m.c.i.e.AbstractTransferListenerAdapter - Downloading http://maven.wso2.org/nexus/content/groups/wso2-public/org/apache/httpcomponents/project/4.1.1/project-4.1.1.pom
2019-03-20 02:06:06,103 [Worker-82: reload maven project] INFO  o.e.m.c.i.e.AbstractTransferListenerAdapter - Downloaded http://maven.wso2.org/nexus/content/groups/wso2-public/org/apache/httpcomponents/project/4.1.1/project-4.1.1.pom
2019-03-20 02:06:06,545 [Worker-82: reload maven project] INFO  o.e.m.c.i.e.AbstractTransferListenerAdapter - Downloading http://maven.wso2.org/nexus/content/groups/wso2-public/org/wso2/maven/maven-car-deploy-plugin/1.1.1/maven-car-deploy-plugin-1.1.1.jar
2019-03-20 02:06:07,674 [Worker-82: reload maven project] INFO  o.e.m.c.i.e.AbstractTransferListenerAdapter - Downloaded http://maven.wso2.org/nexus/content/groups/wso2-public/org/wso2/maven/maven-car-deploy-plugin/1.1.1/maven-car-deploy-plugin-1.1.1.jar
2019-03-20 02:06:08,011 [Worker-82: reload maven project] INFO  o.e.m.c.i.e.AbstractTransferListenerAdapter - Downloading http://maven.wso2.org/nexus/content/groups/wso2-public/org/apache/ws/commons/schema/XmlSchema/1.4.7-wso2v1/XmlSchema-1.4.7-wso2v1.jar
2019-03-20 02:06:08,760 [Worker-82: reload maven project] INFO  o.e.m.c.i.e.AbstractTransferListenerAdapter - Downloaded http://maven.wso2.org/nexus/content/groups/wso2-public/org/apache/ws/commons/schema/XmlSchema/1.4.7-wso2v1/XmlSchema-1.4.7-wso2v1.jar
2019-03-20 02:06:09,124 [Worker-82: reload maven project] INFO  o.e.m.c.i.e.AbstractTransferListenerAdapter - Downloading http://maven.wso2.org/nexus/content/groups/wso2-public/org/apache/httpcomponents/httpcore/4.1/httpcore-4.1.jar
2019-03-20 02:06:09,822 [Worker-82: reload maven project] INFO  o.e.m.c.i.e.AbstractTransferListenerAdapter - Downloaded http://maven.wso2.org/nexus/content/groups/wso2-public/org/apache/httpcomponents/httpcore/4.1/httpcore-4.1.jar
2019-03-21 02:20:05,816 [Worker-0: Loading available Gradle versions] INFO  o.e.b.c.i.u.g.PublishedGradleVersions - Gradle version information cache is out-of-date. Trying to update.
2019-03-21 02:49:01,642 [Worker-15: Opening POM] INFO  o.e.m.c.i.e.AbstractTransferListenerAdapter - Downloaded http://maven.wso2.org/nexus/content/groups/wso2-public/com/hmrc/wso2sample/1.0.0/wso2sample-1.0.0.pom
2019-03-21 02:49:02,324 [Worker-15: Opening POM] INFO  o.e.m.c.i.e.AbstractTransferListenerAdapter - Downloaded http://dist.wso2.org/maven2/com/hmrc/wso2sample/1.0.0/wso2sample-1.0.0.pom
2019-03-21 02:49:02,753 [Worker-15: Opening POM] INFO  o.e.m.c.i.e.AbstractTransferListenerAdapter - Downloaded https://repo.maven.apache.org/maven2/com/hmrc/wso2sample/1.0.0/wso2sample-1.0.0.pom
2019-03-21 02:49:02,821 [Worker-15: Opening POM] ERROR o.e.m.c.u.i.actions.OpenPomAction - Could not resolve artifact com.hmrc:wso2sample:pom:1.0.0
org.eclipse.core.runtime.CoreException: Could not resolve artifact com.hmrc:wso2sample:pom:1.0.0
	at org.eclipse.m2e.core.internal.embedder.MavenImpl.lambda$4(MavenImpl.java:763) ~[org.eclipse.m2e.core_1.10.0.20181127-2120.jar:na]
	at org.eclipse.m2e.core.internal.embedder.MavenExecutionContext.executeBare(MavenExecutionContext.java:177) ~[org.eclipse.m2e.core_1.10.0.20181127-2120.jar:na]
	at org.eclipse.m2e.core.internal.embedder.MavenExecutionContext.execute(MavenExecutionContext.java:151) ~[org.eclipse.m2e.core_1.10.0.20181127-2120.jar:na]
	at org.eclipse.m2e.core.internal.embedder.MavenExecutionContext.execute(MavenExecutionContext.java:99) ~[org.eclipse.m2e.core_1.10.0.20181127-2120.jar:na]
	at org.eclipse.m2e.core.internal.embedder.MavenImpl.resolve(MavenImpl.java:731) ~[org.eclipse.m2e.core_1.10.0.20181127-2120.jar:na]
	at org.eclipse.m2e.core.internal.embedder.MavenImpl.resolve(MavenImpl.java:708) ~[org.eclipse.m2e.core_1.10.0.20181127-2120.jar:na]
	at org.eclipse.m2e.core.ui.internal.actions.OpenPomAction.openPomEditor(OpenPomAction.java:243) [org.eclipse.m2e.core.ui_1.10.0.20181127-2120.jar:na]
	at org.eclipse.m2e.core.ui.internal.actions.OpenPomAction.openEditor(OpenPomAction.java:218) [org.eclipse.m2e.core.ui_1.10.0.20181127-2120.jar:na]
	at org.eclipse.m2e.editor.pom.MavenPomEditorPage$2$2.run(MavenPomEditorPage.java:195) [org.eclipse.m2e.editor_1.10.0.20181127-2120.jar:na]
	at org.eclipse.core.internal.jobs.Worker.run(Worker.java:63) [org.eclipse.core.jobs_3.10.200.v20180912-1356.jar:na]
2019-03-21 02:51:50,178 [Worker-0: reload maven project] INFO  o.e.m.c.i.e.AbstractTransferListenerAdapter - Downloading http://maven.wso2.org/nexus/content/groups/wso2-public/org/codehaus/mojo/exec-maven-plugin/1.4.0/exec-maven-plugin-1.4.0.pom
2019-03-21 02:51:50,453 [Worker-0: reload maven project] INFO  o.e.m.c.i.e.AbstractTransferListenerAdapter - Downloaded http://maven.wso2.org/nexus/content/groups/wso2-public/org/codehaus/mojo/exec-maven-plugin/1.4.0/exec-maven-plugin-1.4.0.pom
2019-03-21 02:51:50,724 [Worker-0: reload maven project] INFO  o.e.m.c.i.e.AbstractTransferListenerAdapter - Downloading http://maven.wso2.org/nexus/content/groups/wso2-public/org/codehaus/mojo/mojo-parent/34/mojo-parent-34.pom
2019-03-21 02:51:51,252 [Worker-0: reload maven project] INFO  o.e.m.c.i.e.AbstractTransferListenerAdapter - Downloaded http://maven.wso2.org/nexus/content/groups/wso2-public/org/codehaus/mojo/mojo-parent/34/mojo-parent-34.pom
2019-03-21 02:51:51,492 [Worker-0: reload maven project] INFO  o.e.m.c.i.e.AbstractTransferListenerAdapter - Downloading http://maven.wso2.org/nexus/content/groups/wso2-public/org/codehaus/codehaus-parent/4/codehaus-parent-4.pom
2019-03-21 02:51:51,730 [Worker-0: reload maven project] INFO  o.e.m.c.i.e.AbstractTransferListenerAdapter - Downloaded http://maven.wso2.org/nexus/content/groups/wso2-public/org/codehaus/codehaus-parent/4/codehaus-parent-4.pom
2019-03-21 02:51:51,989 [Worker-0: reload maven project] INFO  o.e.m.c.i.e.AbstractTransferListenerAdapter - Downloading http://maven.wso2.org/nexus/content/groups/wso2-public/org/apache/maven/maven-toolchain/1.0/maven-toolchain-1.0.pom
2019-03-21 02:51:52,235 [Worker-0: reload maven project] INFO  o.e.m.c.i.e.AbstractTransferListenerAdapter - Downloaded http://maven.wso2.org/nexus/content/groups/wso2-public/org/apache/maven/maven-toolchain/1.0/maven-toolchain-1.0.pom
2019-03-21 02:51:52,513 [Worker-0: reload maven project] INFO  o.e.m.c.i.e.AbstractTransferListenerAdapter - Downloading http://maven.wso2.org/nexus/content/groups/wso2-public/org/apache/maven/maven/2.0.6/maven-2.0.6.pom
2019-03-21 02:51:52,756 [Worker-0: reload maven project] INFO  o.e.m.c.i.e.AbstractTransferListenerAdapter - Downloaded http://maven.wso2.org/nexus/content/groups/wso2-public/org/apache/maven/maven/2.0.6/maven-2.0.6.pom
2019-03-21 02:51:53,097 [Worker-0: reload maven project] INFO  o.e.m.c.i.e.AbstractTransferListenerAdapter - Downloading http://maven.wso2.org/nexus/content/groups/wso2-public/org/apache/maven/maven-core/2.0.6/maven-core-2.0.6.pom
2019-03-21 02:51:53,341 [Worker-0: reload maven project] INFO  o.e.m.c.i.e.AbstractTransferListenerAdapter - Downloaded http://maven.wso2.org/nexus/content/groups/wso2-public/org/apache/maven/maven-core/2.0.6/maven-core-2.0.6.pom
2019-03-21 02:51:53,572 [Worker-0: reload maven project] INFO  o.e.m.c.i.e.AbstractTransferListenerAdapter - Downloading http://maven.wso2.org/nexus/content/groups/wso2-public/org/apache/maven/maven-settings/2.0.6/maven-settings-2.0.6.pom
2019-03-21 02:51:53,801 [Worker-0: reload maven project] INFO  o.e.m.c.i.e.AbstractTransferListenerAdapter - Downloaded http://maven.wso2.org/nexus/content/groups/wso2-public/org/apache/maven/maven-settings/2.0.6/maven-settings-2.0.6.pom
2019-03-21 02:51:54,033 [Worker-0: reload maven project] INFO  o.e.m.c.i.e.AbstractTransferListenerAdapter - Downloading http://maven.wso2.org/nexus/content/groups/wso2-public/org/apache/maven/maven-model/2.0.6/maven-model-2.0.6.pom
2019-03-21 02:51:54,260 [Worker-0: reload maven project] INFO  o.e.m.c.i.e.AbstractTransferListenerAdapter - Downloaded http://maven.wso2.org/nexus/content/groups/wso2-public/org/apache/maven/maven-model/2.0.6/maven-model-2.0.6.pom
2019-03-21 02:51:54,492 [Worker-0: reload maven project] INFO  o.e.m.c.i.e.AbstractTransferListenerAdapter - Downloading http://maven.wso2.org/nexus/content/groups/wso2-public/org/codehaus/plexus/plexus-utils/1.4.1/plexus-utils-1.4.1.pom
2019-03-21 02:51:54,724 [Worker-0: reload maven project] INFO  o.e.m.c.i.e.AbstractTransferListenerAdapter - Downloaded http://maven.wso2.org/nexus/content/groups/wso2-public/org/codehaus/plexus/plexus-utils/1.4.1/plexus-utils-1.4.1.pom
2019-03-21 02:51:55,100 [Worker-0: reload maven project] INFO  o.e.m.c.i.e.AbstractTransferListenerAdapter - Downloading http://maven.wso2.org/nexus/content/groups/wso2-public/junit/junit/4.11/junit-4.11.pom
2019-03-21 02:51:55,342 [Worker-0: reload maven project] INFO  o.e.m.c.i.e.AbstractTransferListenerAdapter - Downloaded http://maven.wso2.org/nexus/content/groups/wso2-public/junit/junit/4.11/junit-4.11.pom
2019-03-21 02:51:55,655 [Worker-0: reload maven project] INFO  o.e.m.c.i.e.AbstractTransferListenerAdapter - Downloading http://maven.wso2.org/nexus/content/groups/wso2-public/org/apache/maven/maven-plugin-parameter-documenter/2.0.6/maven-plugin-parameter-documenter-2.0.6.pom
2019-03-21 02:51:55,883 [Worker-0: reload maven project] INFO  o.e.m.c.i.e.AbstractTransferListenerAdapter - Downloaded http://maven.wso2.org/nexus/content/groups/wso2-public/org/apache/maven/maven-plugin-parameter-documenter/2.0.6/maven-plugin-parameter-documenter-2.0.6.pom
2019-03-21 02:51:56,112 [Worker-0: reload maven project] INFO  o.e.m.c.i.e.AbstractTransferListenerAdapter - Downloading http://maven.wso2.org/nexus/content/groups/wso2-public/org/apache/maven/reporting/maven-reporting-api/2.0.6/maven-reporting-api-2.0.6.pom
2019-03-21 02:51:56,359 [Worker-0: reload maven project] INFO  o.e.m.c.i.e.AbstractTransferListenerAdapter - Downloaded http://maven.wso2.org/nexus/content/groups/wso2-public/org/apache/maven/reporting/maven-reporting-api/2.0.6/maven-reporting-api-2.0.6.pom
2019-03-21 02:51:56,603 [Worker-0: reload maven project] INFO  o.e.m.c.i.e.AbstractTransferListenerAdapter - Downloading http://maven.wso2.org/nexus/content/groups/wso2-public/org/apache/maven/reporting/maven-reporting/2.0.6/maven-reporting-2.0.6.pom
2019-03-21 02:51:56,835 [Worker-0: reload maven project] INFO  o.e.m.c.i.e.AbstractTransferListenerAdapter - Downloaded http://maven.wso2.org/nexus/content/groups/wso2-public/org/apache/maven/reporting/maven-reporting/2.0.6/maven-reporting-2.0.6.pom
2019-03-21 02:51:57,070 [Worker-0: reload maven project] INFO  o.e.m.c.i.e.AbstractTransferListenerAdapter - Downloading http://maven.wso2.org/nexus/content/groups/wso2-public/org/apache/maven/doxia/doxia-sink-api/1.0-alpha-7/doxia-sink-api-1.0-alpha-7.pom
2019-03-21 02:51:57,327 [Worker-0: reload maven project] INFO  o.e.m.c.i.e.AbstractTransferListenerAdapter - Downloaded http://maven.wso2.org/nexus/content/groups/wso2-public/org/apache/maven/doxia/doxia-sink-api/1.0-alpha-7/doxia-sink-api-1.0-alpha-7.pom
2019-03-21 02:51:57,574 [Worker-0: reload maven project] INFO  o.e.m.c.i.e.AbstractTransferListenerAdapter - Downloading http://maven.wso2.org/nexus/content/groups/wso2-public/org/apache/maven/doxia/doxia/1.0-alpha-7/doxia-1.0-alpha-7.pom
2019-03-21 02:51:57,823 [Worker-0: reload maven project] INFO  o.e.m.c.i.e.AbstractTransferListenerAdapter - Downloaded http://maven.wso2.org/nexus/content/groups/wso2-public/org/apache/maven/doxia/doxia/1.0-alpha-7/doxia-1.0-alpha-7.pom
2019-03-21 02:51:58,061 [Worker-0: reload maven project] INFO  o.e.m.c.i.e.AbstractTransferListenerAdapter - Downloading http://maven.wso2.org/nexus/content/groups/wso2-public/org/apache/maven/maven-profile/2.0.6/maven-profile-2.0.6.pom
2019-03-21 02:51:58,294 [Worker-0: reload maven project] INFO  o.e.m.c.i.e.AbstractTransferListenerAdapter - Downloaded http://maven.wso2.org/nexus/content/groups/wso2-public/org/apache/maven/maven-profile/2.0.6/maven-profile-2.0.6.pom
2019-03-21 02:51:58,534 [Worker-0: reload maven project] INFO  o.e.m.c.i.e.AbstractTransferListenerAdapter - Downloading http://maven.wso2.org/nexus/content/groups/wso2-public/org/apache/maven/maven-artifact/2.0.6/maven-artifact-2.0.6.pom
2019-03-21 02:51:58,766 [Worker-0: reload maven project] INFO  o.e.m.c.i.e.AbstractTransferListenerAdapter - Downloaded http://maven.wso2.org/nexus/content/groups/wso2-public/org/apache/maven/maven-artifact/2.0.6/maven-artifact-2.0.6.pom
2019-03-21 02:51:59,002 [Worker-0: reload maven project] INFO  o.e.m.c.i.e.AbstractTransferListenerAdapter - Downloading http://maven.wso2.org/nexus/content/groups/wso2-public/org/apache/maven/maven-repository-metadata/2.0.6/maven-repository-metadata-2.0.6.pom
2019-03-21 02:51:59,234 [Worker-0: reload maven project] INFO  o.e.m.c.i.e.AbstractTransferListenerAdapter - Downloaded http://maven.wso2.org/nexus/content/groups/wso2-public/org/apache/maven/maven-repository-metadata/2.0.6/maven-repository-metadata-2.0.6.pom
2019-03-21 02:51:59,481 [Worker-0: reload maven project] INFO  o.e.m.c.i.e.AbstractTransferListenerAdapter - Downloading http://maven.wso2.org/nexus/content/groups/wso2-public/org/apache/maven/maven-error-diagnostics/2.0.6/maven-error-diagnostics-2.0.6.pom
2019-03-21 02:51:59,741 [Worker-0: reload maven project] INFO  o.e.m.c.i.e.AbstractTransferListenerAdapter - Downloaded http://maven.wso2.org/nexus/content/groups/wso2-public/org/apache/maven/maven-error-diagnostics/2.0.6/maven-error-diagnostics-2.0.6.pom
2019-03-21 02:52:00,000 [Worker-0: reload maven project] INFO  o.e.m.c.i.e.AbstractTransferListenerAdapter - Downloading http://maven.wso2.org/nexus/content/groups/wso2-public/org/apache/maven/maven-project/2.0.6/maven-project-2.0.6.pom
2019-03-21 02:52:00,232 [Worker-0: reload maven project] INFO  o.e.m.c.i.e.AbstractTransferListenerAdapter - Downloaded http://maven.wso2.org/nexus/content/groups/wso2-public/org/apache/maven/maven-project/2.0.6/maven-project-2.0.6.pom
2019-03-21 02:52:00,485 [Worker-0: reload maven project] INFO  o.e.m.c.i.e.AbstractTransferListenerAdapter - Downloading http://maven.wso2.org/nexus/content/groups/wso2-public/org/apache/maven/maven-artifact-manager/2.0.6/maven-artifact-manager-2.0.6.pom
2019-03-21 02:52:00,711 [Worker-0: reload maven project] INFO  o.e.m.c.i.e.AbstractTransferListenerAdapter - Downloaded http://maven.wso2.org/nexus/content/groups/wso2-public/org/apache/maven/maven-artifact-manager/2.0.6/maven-artifact-manager-2.0.6.pom
2019-03-21 02:52:00,947 [Worker-0: reload maven project] INFO  o.e.m.c.i.e.AbstractTransferListenerAdapter - Downloading http://maven.wso2.org/nexus/content/groups/wso2-public/org/apache/maven/maven-plugin-registry/2.0.6/maven-plugin-registry-2.0.6.pom
2019-03-21 02:52:01,185 [Worker-0: reload maven project] INFO  o.e.m.c.i.e.AbstractTransferListenerAdapter - Downloaded http://maven.wso2.org/nexus/content/groups/wso2-public/org/apache/maven/maven-plugin-registry/2.0.6/maven-plugin-registry-2.0.6.pom
2019-03-21 02:52:01,426 [Worker-0: reload maven project] INFO  o.e.m.c.i.e.AbstractTransferListenerAdapter - Downloading http://maven.wso2.org/nexus/content/groups/wso2-public/commons-cli/commons-cli/1.0/commons-cli-1.0.pom
2019-03-21 02:52:01,700 [Worker-0: reload maven project] INFO  o.e.m.c.i.e.AbstractTransferListenerAdapter - Downloaded http://maven.wso2.org/nexus/content/groups/wso2-public/commons-cli/commons-cli/1.0/commons-cli-1.0.pom
2019-03-21 02:52:02,062 [Worker-0: reload maven project] INFO  o.e.m.c.i.e.AbstractTransferListenerAdapter - Downloading http://maven.wso2.org/nexus/content/groups/wso2-public/org/apache/maven/maven-plugin-descriptor/2.0.6/maven-plugin-descriptor-2.0.6.pom
2019-03-21 02:52:02,309 [Worker-0: reload maven project] INFO  o.e.m.c.i.e.AbstractTransferListenerAdapter - Downloaded http://maven.wso2.org/nexus/content/groups/wso2-public/org/apache/maven/maven-plugin-descriptor/2.0.6/maven-plugin-descriptor-2.0.6.pom
2019-03-21 02:52:02,582 [Worker-0: reload maven project] INFO  o.e.m.c.i.e.AbstractTransferListenerAdapter - Downloading http://maven.wso2.org/nexus/content/groups/wso2-public/org/apache/maven/maven-monitor/2.0.6/maven-monitor-2.0.6.pom
2019-03-21 02:52:02,806 [Worker-0: reload maven project] INFO  o.e.m.c.i.e.AbstractTransferListenerAdapter - Downloaded http://maven.wso2.org/nexus/content/groups/wso2-public/org/apache/maven/maven-monitor/2.0.6/maven-monitor-2.0.6.pom
2019-03-21 02:52:03,998 [Worker-0: reload maven project] INFO  o.e.m.c.i.e.AbstractTransferListenerAdapter - Downloading http://maven.wso2.org/nexus/content/groups/wso2-public/org/apache/commons/commons-exec/1.3/commons-exec-1.3.pom
2019-03-21 02:52:04,276 [Worker-0: reload maven project] INFO  o.e.m.c.i.e.AbstractTransferListenerAdapter - Downloaded http://maven.wso2.org/nexus/content/groups/wso2-public/org/apache/commons/commons-exec/1.3/commons-exec-1.3.pom
2019-03-21 02:52:04,559 [Worker-0: reload maven project] INFO  o.e.m.c.i.e.AbstractTransferListenerAdapter - Downloading http://maven.wso2.org/nexus/content/groups/wso2-public/org/apache/commons/commons-parent/35/commons-parent-35.pom
2019-03-21 02:52:05,030 [Worker-0: reload maven project] INFO  o.e.m.c.i.e.AbstractTransferListenerAdapter - Downloaded http://maven.wso2.org/nexus/content/groups/wso2-public/org/apache/commons/commons-parent/35/commons-parent-35.pom
2019-03-21 02:52:05,366 [Worker-0: reload maven project] INFO  o.e.m.c.i.e.AbstractTransferListenerAdapter - Downloading http://maven.wso2.org/nexus/content/groups/wso2-public/org/codehaus/mojo/exec-maven-plugin/1.4.0/exec-maven-plugin-1.4.0.jar
2019-03-21 02:52:05,636 [Worker-0: reload maven project] INFO  o.e.m.c.i.e.AbstractTransferListenerAdapter - Downloaded http://maven.wso2.org/nexus/content/groups/wso2-public/org/codehaus/mojo/exec-maven-plugin/1.4.0/exec-maven-plugin-1.4.0.jar
2019-03-21 02:52:05,854 [Worker-0: reload maven project] INFO  o.e.m.c.i.e.AbstractTransferListenerAdapter - Downloading http://maven.wso2.org/nexus/content/groups/wso2-public/org/apache/maven/maven-toolchain/1.0/maven-toolchain-1.0.jar
2019-03-21 02:52:06,125 [Worker-0: reload maven project] INFO  o.e.m.c.i.e.AbstractTransferListenerAdapter - Downloaded http://maven.wso2.org/nexus/content/groups/wso2-public/org/apache/maven/maven-toolchain/1.0/maven-toolchain-1.0.jar
2019-03-21 02:52:06,348 [Worker-0: reload maven project] INFO  o.e.m.c.i.e.AbstractTransferListenerAdapter - Downloading http://maven.wso2.org/nexus/content/groups/wso2-public/org/apache/maven/reporting/maven-reporting-api/2.2.1/maven-reporting-api-2.2.1.jar
2019-03-21 02:52:06,579 [Worker-0: reload maven project] INFO  o.e.m.c.i.e.AbstractTransferListenerAdapter - Downloaded http://maven.wso2.org/nexus/content/groups/wso2-public/org/apache/maven/reporting/maven-reporting-api/2.2.1/maven-reporting-api-2.2.1.jar
2019-03-21 02:52:06,799 [Worker-0: reload maven project] INFO  o.e.m.c.i.e.AbstractTransferListenerAdapter - Downloading http://maven.wso2.org/nexus/content/groups/wso2-public/org/apache/maven/doxia/doxia-sink-api/1.1/doxia-sink-api-1.1.jar
2019-03-21 02:52:07,035 [Worker-0: reload maven project] INFO  o.e.m.c.i.e.AbstractTransferListenerAdapter - Downloaded http://maven.wso2.org/nexus/content/groups/wso2-public/org/apache/maven/doxia/doxia-sink-api/1.1/doxia-sink-api-1.1.jar
2019-03-21 02:52:07,255 [Worker-0: reload maven project] INFO  o.e.m.c.i.e.AbstractTransferListenerAdapter - Downloading http://maven.wso2.org/nexus/content/groups/wso2-public/org/apache/maven/doxia/doxia-logging-api/1.1/doxia-logging-api-1.1.jar
2019-03-21 02:52:07,486 [Worker-0: reload maven project] INFO  o.e.m.c.i.e.AbstractTransferListenerAdapter - Downloaded http://maven.wso2.org/nexus/content/groups/wso2-public/org/apache/maven/doxia/doxia-logging-api/1.1/doxia-logging-api-1.1.jar
2019-03-21 02:52:07,707 [Worker-0: reload maven project] INFO  o.e.m.c.i.e.AbstractTransferListenerAdapter - Downloading http://maven.wso2.org/nexus/content/groups/wso2-public/commons-cli/commons-cli/1.2/commons-cli-1.2.jar
2019-03-21 02:52:07,967 [Worker-0: reload maven project] INFO  o.e.m.c.i.e.AbstractTransferListenerAdapter - Downloaded http://maven.wso2.org/nexus/content/groups/wso2-public/commons-cli/commons-cli/1.2/commons-cli-1.2.jar
2019-03-21 02:52:08,507 [Worker-0: reload maven project] INFO  o.e.m.c.i.e.AbstractTransferListenerAdapter - Downloading http://maven.wso2.org/nexus/content/groups/wso2-public/org/codehaus/plexus/plexus-interactivity-api/1.0-alpha-4/plexus-interactivity-api-1.0-alpha-4.jar
2019-03-21 02:52:08,738 [Worker-0: reload maven project] INFO  o.e.m.c.i.e.AbstractTransferListenerAdapter - Downloaded http://maven.wso2.org/nexus/content/groups/wso2-public/org/codehaus/plexus/plexus-interactivity-api/1.0-alpha-4/plexus-interactivity-api-1.0-alpha-4.jar
2019-03-21 02:52:08,957 [Worker-0: reload maven project] INFO  o.e.m.c.i.e.AbstractTransferListenerAdapter - Downloading http://maven.wso2.org/nexus/content/groups/wso2-public/org/codehaus/plexus/plexus-utils/3.0.20/plexus-utils-3.0.20.jar
2019-03-21 02:52:10,086 [Worker-0: reload maven project] INFO  o.e.m.c.i.e.AbstractTransferListenerAdapter - Downloaded http://maven.wso2.org/nexus/content/groups/wso2-public/org/codehaus/plexus/plexus-utils/3.0.20/plexus-utils-3.0.20.jar
2019-03-21 02:52:10,305 [Worker-0: reload maven project] INFO  o.e.m.c.i.e.AbstractTransferListenerAdapter - Downloading http://maven.wso2.org/nexus/content/groups/wso2-public/org/apache/commons/commons-exec/1.3/commons-exec-1.3.jar
2019-03-21 02:52:10,575 [Worker-0: reload maven project] INFO  o.e.m.c.i.e.AbstractTransferListenerAdapter - Downloaded http://maven.wso2.org/nexus/content/groups/wso2-public/org/apache/commons/commons-exec/1.3/commons-exec-1.3.jar
2019-03-21 02:52:14,181 [Worker-0: reload maven project] INFO  o.e.m.c.i.e.AbstractTransferListenerAdapter - Downloading http://maven.wso2.org/nexus/content/groups/wso2-public/org/wso2/maven/wso2-esb-endpoint-plugin/2.1.0/wso2-esb-endpoint-plugin-2.1.0.pom
2019-03-21 02:52:14,464 [Worker-0: reload maven project] INFO  o.e.m.c.i.e.AbstractTransferListenerAdapter - Downloaded http://maven.wso2.org/nexus/content/groups/wso2-public/org/wso2/maven/wso2-esb-endpoint-plugin/2.1.0/wso2-esb-endpoint-plugin-2.1.0.pom
2019-03-21 02:52:16,304 [Worker-0: reload maven project] INFO  o.e.m.c.i.e.AbstractTransferListenerAdapter - Downloading http://maven.wso2.org/nexus/content/groups/wso2-public/org/wso2/maven/org.wso2.maven.capp/2.1.0/org.wso2.maven.capp-2.1.0.pom
2019-03-21 02:52:16,560 [Worker-0: reload maven project] INFO  o.e.m.c.i.e.AbstractTransferListenerAdapter - Downloaded http://maven.wso2.org/nexus/content/groups/wso2-public/org/wso2/maven/org.wso2.maven.capp/2.1.0/org.wso2.maven.capp-2.1.0.pom
2019-03-21 02:52:16,851 [Worker-0: reload maven project] INFO  o.e.m.c.i.e.AbstractTransferListenerAdapter - Downloading http://maven.wso2.org/nexus/content/groups/wso2-public/org/wso2/maven/org.wso2.maven.utils/2.1.0/org.wso2.maven.utils-2.1.0.pom
2019-03-21 02:52:17,098 [Worker-0: reload maven project] INFO  o.e.m.c.i.e.AbstractTransferListenerAdapter - Downloaded http://maven.wso2.org/nexus/content/groups/wso2-public/org/wso2/maven/org.wso2.maven.utils/2.1.0/org.wso2.maven.utils-2.1.0.pom
2019-03-21 02:52:17,334 [Worker-0: reload maven project] INFO  o.e.m.c.i.e.AbstractTransferListenerAdapter - Downloading http://maven.wso2.org/nexus/content/groups/wso2-public/org/wso2/maven/org.wso2.maven.core/2.1.0/org.wso2.maven.core-2.1.0.pom
2019-03-21 02:52:17,598 [Worker-0: reload maven project] INFO  o.e.m.c.i.e.AbstractTransferListenerAdapter - Downloaded http://maven.wso2.org/nexus/content/groups/wso2-public/org/wso2/maven/org.wso2.maven.core/2.1.0/org.wso2.maven.core-2.1.0.pom
2019-03-21 02:52:17,895 [Worker-0: reload maven project] INFO  o.e.m.c.i.e.AbstractTransferListenerAdapter - Downloading http://maven.wso2.org/nexus/content/groups/wso2-public/org/wso2/maven/org.wso2.maven.esb/2.1.0/org.wso2.maven.esb-2.1.0.pom
2019-03-21 02:52:18,186 [Worker-0: reload maven project] INFO  o.e.m.c.i.e.AbstractTransferListenerAdapter - Downloaded http://maven.wso2.org/nexus/content/groups/wso2-public/org/wso2/maven/org.wso2.maven.esb/2.1.0/org.wso2.maven.esb-2.1.0.pom
2019-03-21 02:52:18,465 [Worker-0: reload maven project] INFO  o.e.m.c.i.e.AbstractTransferListenerAdapter - Downloading http://maven.wso2.org/nexus/content/groups/wso2-public/org/wso2/maven/wso2-esb-endpoint-plugin/2.1.0/wso2-esb-endpoint-plugin-2.1.0.jar
2019-03-21 02:52:18,767 [Worker-0: reload maven project] INFO  o.e.m.c.i.e.AbstractTransferListenerAdapter - Downloaded http://maven.wso2.org/nexus/content/groups/wso2-public/org/wso2/maven/wso2-esb-endpoint-plugin/2.1.0/wso2-esb-endpoint-plugin-2.1.0.jar
2019-03-21 02:52:18,986 [Worker-0: reload maven project] INFO  o.e.m.c.i.e.AbstractTransferListenerAdapter - Downloading http://maven.wso2.org/nexus/content/groups/wso2-public/org/wso2/maven/org.wso2.maven.capp/2.1.0/org.wso2.maven.capp-2.1.0.jar
2019-03-21 02:52:19,301 [Worker-0: reload maven project] INFO  o.e.m.c.i.e.AbstractTransferListenerAdapter - Downloaded http://maven.wso2.org/nexus/content/groups/wso2-public/org/wso2/maven/org.wso2.maven.capp/2.1.0/org.wso2.maven.capp-2.1.0.jar
2019-03-21 02:52:19,522 [Worker-0: reload maven project] INFO  o.e.m.c.i.e.AbstractTransferListenerAdapter - Downloading http://maven.wso2.org/nexus/content/groups/wso2-public/org/wso2/maven/org.wso2.maven.utils/2.1.0/org.wso2.maven.utils-2.1.0.jar
2019-03-21 02:52:19,815 [Worker-0: reload maven project] INFO  o.e.m.c.i.e.AbstractTransferListenerAdapter - Downloaded http://maven.wso2.org/nexus/content/groups/wso2-public/org/wso2/maven/org.wso2.maven.utils/2.1.0/org.wso2.maven.utils-2.1.0.jar
2019-03-21 02:52:20,044 [Worker-0: reload maven project] INFO  o.e.m.c.i.e.AbstractTransferListenerAdapter - Downloading http://maven.wso2.org/nexus/content/groups/wso2-public/org/wso2/maven/org.wso2.maven.core/2.1.0/org.wso2.maven.core-2.1.0.jar
2019-03-21 02:52:20,337 [Worker-0: reload maven project] INFO  o.e.m.c.i.e.AbstractTransferListenerAdapter - Downloaded http://maven.wso2.org/nexus/content/groups/wso2-public/org/wso2/maven/org.wso2.maven.core/2.1.0/org.wso2.maven.core-2.1.0.jar
2019-03-21 02:52:20,558 [Worker-0: reload maven project] INFO  o.e.m.c.i.e.AbstractTransferListenerAdapter - Downloading http://maven.wso2.org/nexus/content/groups/wso2-public/org/wso2/maven/org.wso2.maven.esb/2.1.0/org.wso2.maven.esb-2.1.0.jar
2019-03-21 02:52:20,830 [Worker-0: reload maven project] INFO  o.e.m.c.i.e.AbstractTransferListenerAdapter - Downloaded http://maven.wso2.org/nexus/content/groups/wso2-public/org/wso2/maven/org.wso2.maven.esb/2.1.0/org.wso2.maven.esb-2.1.0.jar
2019-03-21 12:58:32,754 [Worker-2: Loading available Gradle versions] INFO  o.e.b.c.i.u.g.PublishedGradleVersions - Gradle version information cache is up-to-date. Trying to read.
2019-03-21 13:01:46,933 [Worker-5: reload maven project] INFO  o.e.m.c.i.e.AbstractTransferListenerAdapter - Downloading http://maven.wso2.org/nexus/content/groups/wso2-public/org/wso2/maven/wso2-esb-sequence-plugin/2.1.0/wso2-esb-sequence-plugin-2.1.0.pom
2019-03-21 13:01:47,332 [Worker-5: reload maven project] INFO  o.e.m.c.i.e.AbstractTransferListenerAdapter - Downloaded http://maven.wso2.org/nexus/content/groups/wso2-public/org/wso2/maven/wso2-esb-sequence-plugin/2.1.0/wso2-esb-sequence-plugin-2.1.0.pom
2019-03-21 13:01:57,407 [Worker-5: reload maven project] INFO  o.e.m.c.i.e.AbstractTransferListenerAdapter - Downloading http://maven.wso2.org/nexus/content/groups/wso2-public/org/wso2/maven/wso2-esb-sequence-plugin/2.1.0/wso2-esb-sequence-plugin-2.1.0.jar
2019-03-21 13:01:57,870 [Worker-5: reload maven project] INFO  o.e.m.c.i.e.AbstractTransferListenerAdapter - Downloaded http://maven.wso2.org/nexus/content/groups/wso2-public/org/wso2/maven/wso2-esb-sequence-plugin/2.1.0/wso2-esb-sequence-plugin-2.1.0.jar
2019-03-21 13:02:08,762 [Worker-5: reload maven project] INFO  o.e.m.c.i.e.AbstractTransferListenerAdapter - Downloading http://maven.wso2.org/nexus/content/groups/wso2-public/org/wso2/maven/wso2-esb-api-plugin/2.1.0/wso2-esb-api-plugin-2.1.0.pom
2019-03-21 13:02:09,023 [Worker-5: reload maven project] INFO  o.e.m.c.i.e.AbstractTransferListenerAdapter - Downloaded http://maven.wso2.org/nexus/content/groups/wso2-public/org/wso2/maven/wso2-esb-api-plugin/2.1.0/wso2-esb-api-plugin-2.1.0.pom
2019-03-21 13:02:09,295 [Worker-5: reload maven project] INFO  o.e.m.c.i.e.AbstractTransferListenerAdapter - Downloading http://maven.wso2.org/nexus/content/groups/wso2-public/org/wso2/maven/wso2-esb-api-plugin/2.1.0/wso2-esb-api-plugin-2.1.0.jar
2019-03-21 13:02:09,802 [Worker-5: reload maven project] INFO  o.e.m.c.i.e.AbstractTransferListenerAdapter - Downloaded http://maven.wso2.org/nexus/content/groups/wso2-public/org/wso2/maven/wso2-esb-api-plugin/2.1.0/wso2-esb-api-plugin-2.1.0.jar
